Analysis & Synthesis report for regfile
Sun Dec 02 16:32:02 2018
Quartus Prime Version 18.1.0 Build 625 09/12/2018 SJ Lite Edition


---------------------
; Table of Contents ;
---------------------
  1. Legal Notice
  2. Analysis & Synthesis Summary
  3. Analysis & Synthesis Settings
  4. Parallel Compilation
  5. Analysis & Synthesis Source Files Read
  6. Analysis & Synthesis Resource Usage Summary
  7. Analysis & Synthesis Resource Utilization by Entity
  8. User-Specified and Inferred Latches
  9. General Register Statistics
 10. Multiplexer Restructuring Statistics (Restructuring Performed)
 11. Parameter Settings for User Entity Instance: registerrr:my_reg0|register:inst|BUSMUX:inst
 12. Parameter Settings for User Entity Instance: registerrr:my_reg0|register:inst2|BUSMUX:inst
 13. Parameter Settings for User Entity Instance: registerrr:my_reg0|register:inst3|BUSMUX:inst
 14. Parameter Settings for User Entity Instance: registerrr:my_reg0|register:inst4|BUSMUX:inst
 15. Parameter Settings for User Entity Instance: registerrr:my_reg1|register:inst|BUSMUX:inst
 16. Parameter Settings for User Entity Instance: registerrr:my_reg1|register:inst2|BUSMUX:inst
 17. Parameter Settings for User Entity Instance: registerrr:my_reg1|register:inst3|BUSMUX:inst
 18. Parameter Settings for User Entity Instance: registerrr:my_reg1|register:inst4|BUSMUX:inst
 19. Parameter Settings for User Entity Instance: registerrr:my_reg2|register:inst|BUSMUX:inst
 20. Parameter Settings for User Entity Instance: registerrr:my_reg2|register:inst2|BUSMUX:inst
 21. Parameter Settings for User Entity Instance: registerrr:my_reg2|register:inst3|BUSMUX:inst
 22. Parameter Settings for User Entity Instance: registerrr:my_reg2|register:inst4|BUSMUX:inst
 23. Parameter Settings for User Entity Instance: registerrr:my_reg3|register:inst|BUSMUX:inst
 24. Parameter Settings for User Entity Instance: registerrr:my_reg3|register:inst2|BUSMUX:inst
 25. Parameter Settings for User Entity Instance: registerrr:my_reg3|register:inst3|BUSMUX:inst
 26. Parameter Settings for User Entity Instance: registerrr:my_reg3|register:inst4|BUSMUX:inst
 27. Parameter Settings for User Entity Instance: registerrr:my_reg4|register:inst|BUSMUX:inst
 28. Parameter Settings for User Entity Instance: registerrr:my_reg4|register:inst2|BUSMUX:inst
 29. Parameter Settings for User Entity Instance: registerrr:my_reg4|register:inst3|BUSMUX:inst
 30. Parameter Settings for User Entity Instance: registerrr:my_reg4|register:inst4|BUSMUX:inst
 31. Parameter Settings for User Entity Instance: registerrr:my_reg5|register:inst|BUSMUX:inst
 32. Parameter Settings for User Entity Instance: registerrr:my_reg5|register:inst2|BUSMUX:inst
 33. Parameter Settings for User Entity Instance: registerrr:my_reg5|register:inst3|BUSMUX:inst
 34. Parameter Settings for User Entity Instance: registerrr:my_reg5|register:inst4|BUSMUX:inst
 35. Parameter Settings for User Entity Instance: registerrr:my_reg6|register:inst|BUSMUX:inst
 36. Parameter Settings for User Entity Instance: registerrr:my_reg6|register:inst2|BUSMUX:inst
 37. Parameter Settings for User Entity Instance: registerrr:my_reg6|register:inst3|BUSMUX:inst
 38. Parameter Settings for User Entity Instance: registerrr:my_reg6|register:inst4|BUSMUX:inst
 39. Parameter Settings for User Entity Instance: registerrr:my_reg7|register:inst|BUSMUX:inst
 40. Parameter Settings for User Entity Instance: registerrr:my_reg7|register:inst2|BUSMUX:inst
 41. Parameter Settings for User Entity Instance: registerrr:my_reg7|register:inst3|BUSMUX:inst
 42. Parameter Settings for User Entity Instance: registerrr:my_reg7|register:inst4|BUSMUX:inst
 43. Post-Synthesis Netlist Statistics for Top Partition
 44. Elapsed Time Per Partition
 45. Analysis & Synthesis Messages



----------------
; Legal Notice ;
----------------
Copyright (C) 2018  Intel Corporation. All rights reserved.
Your use of Intel Corporation's design tools, logic functions 
and other software and tools, and its AMPP partner logic 
functions, and any output files from any of the foregoing 
(including device programming or simulation files), and any 
associated documentation or information are expressly subject 
to the terms and conditions of the Intel Program License 
Subscription Agreement, the Intel Quartus Prime License Agreement,
the Intel FPGA IP License Agreement, or other applicable license
agreement, including, without limitation, that your use is for
the sole purpose of programming logic devices manufactured by
Intel and sold by Intel or its authorized distributors.  Please
refer to the applicable agreement for further details.



+----------------------------------------------------------------------------------+
; Analysis & Synthesis Summary                                                     ;
+------------------------------------+---------------------------------------------+
; Analysis & Synthesis Status        ; Successful - Sun Dec 02 16:32:02 2018       ;
; Quartus Prime Version              ; 18.1.0 Build 625 09/12/2018 SJ Lite Edition ;
; Revision Name                      ; regfile                                     ;
; Top-level Entity Name              ; regfile                                     ;
; Family                             ; Cyclone IV E                                ;
; Total logic elements               ; 88                                          ;
;     Total combinational functions  ; 56                                          ;
;     Dedicated logic registers      ; 32                                          ;
; Total registers                    ; 32                                          ;
; Total pins                         ; 24                                          ;
; Total virtual pins                 ; 0                                           ;
; Total memory bits                  ; 0                                           ;
; Embedded Multiplier 9-bit elements ; 0                                           ;
; Total PLLs                         ; 0                                           ;
+------------------------------------+---------------------------------------------+


+------------------------------------------------------------------------------------------------------------+
; Analysis & Synthesis Settings                                                                              ;
+------------------------------------------------------------------+--------------------+--------------------+
; Option                                                           ; Setting            ; Default Value      ;
+------------------------------------------------------------------+--------------------+--------------------+
; Device                                                           ; EP4CE115F29C7      ;                    ;
; Top-level entity name                                            ; regfile            ; regfile            ;
; Family name                                                      ; Cyclone IV E       ; Cyclone V          ;
; Use smart compilation                                            ; Off                ; Off                ;
; Enable parallel Assembler and Timing Analyzer during compilation ; On                 ; On                 ;
; Enable compact report table                                      ; Off                ; Off                ;
; Restructure Multiplexers                                         ; Auto               ; Auto               ;
; Create Debugging Nodes for IP Cores                              ; Off                ; Off                ;
; Preserve fewer node names                                        ; On                 ; On                 ;
; Intel FPGA IP Evaluation Mode                                    ; Enable             ; Enable             ;
; Verilog Version                                                  ; Verilog_2001       ; Verilog_2001       ;
; VHDL Version                                                     ; VHDL_1993          ; VHDL_1993          ;
; State Machine Processing                                         ; Auto               ; Auto               ;
; Safe State Machine                                               ; Off                ; Off                ;
; Extract Verilog State Machines                                   ; On                 ; On                 ;
; Extract VHDL State Machines                                      ; On                 ; On                 ;
; Ignore Verilog initial constructs                                ; Off                ; Off                ;
; Iteration limit for constant Verilog loops                       ; 5000               ; 5000               ;
; Iteration limit for non-constant Verilog loops                   ; 250                ; 250                ;
; Add Pass-Through Logic to Inferred RAMs                          ; On                 ; On                 ;
; Infer RAMs from Raw Logic                                        ; On                 ; On                 ;
; Parallel Synthesis                                               ; On                 ; On                 ;
; DSP Block Balancing                                              ; Auto               ; Auto               ;
; NOT Gate Push-Back                                               ; On                 ; On                 ;
; Power-Up Don't Care                                              ; On                 ; On                 ;
; Remove Redundant Logic Cells                                     ; Off                ; Off                ;
; Remove Duplicate Registers                                       ; On                 ; On                 ;
; Ignore CARRY Buffers                                             ; Off                ; Off                ;
; Ignore CASCADE Buffers                                           ; Off                ; Off                ;
; Ignore GLOBAL Buffers                                            ; Off                ; Off                ;
; Ignore ROW GLOBAL Buffers                                        ; Off                ; Off                ;
; Ignore LCELL Buffers                                             ; Off                ; Off                ;
; Ignore SOFT Buffers                                              ; On                 ; On                 ;
; Limit AHDL Integers to 32 Bits                                   ; Off                ; Off                ;
; Optimization Technique                                           ; Balanced           ; Balanced           ;
; Carry Chain Length                                               ; 70                 ; 70                 ;
; Auto Carry Chains                                                ; On                 ; On                 ;
; Auto Open-Drain Pins                                             ; On                 ; On                 ;
; Perform WYSIWYG Primitive Resynthesis                            ; Off                ; Off                ;
; Auto ROM Replacement                                             ; On                 ; On                 ;
; Auto RAM Replacement                                             ; On                 ; On                 ;
; Auto DSP Block Replacement                                       ; On                 ; On                 ;
; Auto Shift Register Replacement                                  ; Auto               ; Auto               ;
; Allow Shift Register Merging across Hierarchies                  ; Auto               ; Auto               ;
; Auto Clock Enable Replacement                                    ; On                 ; On                 ;
; Strict RAM Replacement                                           ; Off                ; Off                ;
; Allow Synchronous Control Signals                                ; On                 ; On                 ;
; Force Use of Synchronous Clear Signals                           ; Off                ; Off                ;
; Auto RAM Block Balancing                                         ; On                 ; On                 ;
; Auto RAM to Logic Cell Conversion                                ; Off                ; Off                ;
; Auto Resource Sharing                                            ; Off                ; Off                ;
; Allow Any RAM Size For Recognition                               ; Off                ; Off                ;
; Allow Any ROM Size For Recognition                               ; Off                ; Off                ;
; Allow Any Shift Register Size For Recognition                    ; Off                ; Off                ;
; Use LogicLock Constraints during Resource Balancing              ; On                 ; On                 ;
; Ignore translate_off and synthesis_off directives                ; Off                ; Off                ;
; Timing-Driven Synthesis                                          ; On                 ; On                 ;
; Report Parameter Settings                                        ; On                 ; On                 ;
; Report Source Assignments                                        ; On                 ; On                 ;
; Report Connectivity Checks                                       ; On                 ; On                 ;
; Ignore Maximum Fan-Out Assignments                               ; Off                ; Off                ;
; Synchronization Register Chain Length                            ; 2                  ; 2                  ;
; Power Optimization During Synthesis                              ; Normal compilation ; Normal compilation ;
; HDL message level                                                ; Level2             ; Level2             ;
; Suppress Register Optimization Related Messages                  ; Off                ; Off                ;
; Number of Removed Registers Reported in Synthesis Report         ; 5000               ; 5000               ;
; Number of Swept Nodes Reported in Synthesis Report               ; 5000               ; 5000               ;
; Number of Inverted Registers Reported in Synthesis Report        ; 100                ; 100                ;
; Clock MUX Protection                                             ; On                 ; On                 ;
; Auto Gated Clock Conversion                                      ; Off                ; Off                ;
; Block Design Naming                                              ; Auto               ; Auto               ;
; SDC constraint protection                                        ; Off                ; Off                ;
; Synthesis Effort                                                 ; Auto               ; Auto               ;
; Shift Register Replacement - Allow Asynchronous Clear Signal     ; On                 ; On                 ;
; Pre-Mapping Resynthesis Optimization                             ; Off                ; Off                ;
; Analysis & Synthesis Message Level                               ; Medium             ; Medium             ;
; Disable Register Merging Across Hierarchies                      ; Auto               ; Auto               ;
; Resource Aware Inference For Block RAM                           ; On                 ; On                 ;
+------------------------------------------------------------------+--------------------+--------------------+


+------------------------------------------+
; Parallel Compilation                     ;
+----------------------------+-------------+
; Processors                 ; Number      ;
+----------------------------+-------------+
; Number detected on machine ; 12          ;
; Maximum allowed            ; 6           ;
;                            ;             ;
; Average used               ; 1.00        ;
; Maximum used               ; 6           ;
;                            ;             ;
; Usage by Processor         ; % Time Used ;
;     Processor 1            ; 100.0%      ;
;     Processors 2-6         ;   0.0%      ;
+----------------------------+-------------+


+---------------------------------------------------------------------------------------------------------------------------------------------------------------------------------+
; Analysis & Synthesis Source Files Read                                                                                                                                          ;
+----------------------------------+-----------------+------------------------------------------+-----------------------------------------------------------------------+---------+
; File Name with User-Entered Path ; Used in Netlist ; File Type                                ; File Name with Absolute Path                                          ; Library ;
+----------------------------------+-----------------+------------------------------------------+-----------------------------------------------------------------------+---------+
; regfile.v                        ; yes             ; User Verilog HDL File                    ; C:/Users/Amber Chin/Documents/CPR E 281 Lab 12/regfile.v              ;         ;
; registerrr.bdf                   ; yes             ; Auto-Found Block Diagram/Schematic File  ; C:/Users/Amber Chin/Documents/CPR E 281 Lab 12/registerrr.bdf         ;         ;
; register.bdf                     ; yes             ; Auto-Found Block Diagram/Schematic File  ; C:/Users/Amber Chin/Documents/CPR E 281 Lab 12/register.bdf           ;         ;
; busmux.tdf                       ; yes             ; Megafunction                             ; c:/intelfpga_lite/18.1/quartus/libraries/megafunctions/busmux.tdf     ;         ;
; lpm_mux.inc                      ; yes             ; Megafunction                             ; c:/intelfpga_lite/18.1/quartus/libraries/megafunctions/lpm_mux.inc    ;         ;
; lpm_mux.tdf                      ; yes             ; Megafunction                             ; c:/intelfpga_lite/18.1/quartus/libraries/megafunctions/lpm_mux.tdf    ;         ;
; aglobal181.inc                   ; yes             ; Megafunction                             ; c:/intelfpga_lite/18.1/quartus/libraries/megafunctions/aglobal181.inc ;         ;
; muxlut.inc                       ; yes             ; Megafunction                             ; c:/intelfpga_lite/18.1/quartus/libraries/megafunctions/muxlut.inc     ;         ;
; bypassff.inc                     ; yes             ; Megafunction                             ; c:/intelfpga_lite/18.1/quartus/libraries/megafunctions/bypassff.inc   ;         ;
; altshift.inc                     ; yes             ; Megafunction                             ; c:/intelfpga_lite/18.1/quartus/libraries/megafunctions/altshift.inc   ;         ;
; db/mux_7rc.tdf                   ; yes             ; Auto-Generated Megafunction              ; C:/Users/Amber Chin/Documents/CPR E 281 Lab 12/db/mux_7rc.tdf         ;         ;
; decoder3to8.v                    ; yes             ; Auto-Found Verilog HDL File              ; C:/Users/Amber Chin/Documents/CPR E 281 Lab 12/decoder3to8.v          ;         ;
; mux8_4b.v                        ; yes             ; Auto-Found Verilog HDL File              ; C:/Users/Amber Chin/Documents/CPR E 281 Lab 12/mux8_4b.v              ;         ;
+----------------------------------+-----------------+------------------------------------------+-----------------------------------------------------------------------+---------+


+---------------------------------------------------------+
; Analysis & Synthesis Resource Usage Summary             ;
+---------------------------------------------+-----------+
; Resource                                    ; Usage     ;
+---------------------------------------------+-----------+
; Estimated Total logic elements              ; 88        ;
;                                             ;           ;
; Total combinational functions               ; 56        ;
; Logic element usage by number of LUT inputs ;           ;
;     -- 4 input functions                    ; 32        ;
;     -- 3 input functions                    ; 24        ;
;     -- <=2 input functions                  ; 0         ;
;                                             ;           ;
; Logic elements by mode                      ;           ;
;     -- normal mode                          ; 56        ;
;     -- arithmetic mode                      ; 0         ;
;                                             ;           ;
; Total registers                             ; 32        ;
;     -- Dedicated logic registers            ; 32        ;
;     -- I/O registers                        ; 0         ;
;                                             ;           ;
; I/O pins                                    ; 24        ;
;                                             ;           ;
; Embedded Multiplier 9-bit elements          ; 0         ;
;                                             ;           ;
; Maximum fan-out node                        ; CLK~input ;
; Maximum fan-out                             ; 32        ;
; Total fan-out                               ; 360       ;
; Average fan-out                             ; 2.65      ;
+---------------------------------------------+-----------+


+----------------------------------------------------------------------------------------------------------------------------------------------------------------------------------------------------------------------------------+
; Analysis & Synthesis Resource Utilization by Entity                                                                                                                                                                              ;
+-----------------------------+---------------------+---------------------------+-------------+--------------+---------+-----------+------+--------------+--------------------------------------------+-------------+--------------+
; Compilation Hierarchy Node  ; Combinational ALUTs ; Dedicated Logic Registers ; Memory Bits ; DSP Elements ; DSP 9x9 ; DSP 18x18 ; Pins ; Virtual Pins ; Full Hierarchy Name                        ; Entity Name ; Library Name ;
+-----------------------------+---------------------+---------------------------+-------------+--------------+---------+-----------+------+--------------+--------------------------------------------+-------------+--------------+
; |regfile                    ; 56 (0)              ; 32 (0)                    ; 0           ; 0            ; 0       ; 0         ; 24   ; 0            ; |regfile                                   ; regfile     ; work         ;
;    |Decoder3to8:my_decoder| ; 16 (16)             ; 0 (0)                     ; 0           ; 0            ; 0       ; 0         ; 0    ; 0            ; |regfile|Decoder3to8:my_decoder            ; Decoder3to8 ; work         ;
;    |Mux8_4b:my_muxP|        ; 20 (20)             ; 0 (0)                     ; 0           ; 0            ; 0       ; 0         ; 0    ; 0            ; |regfile|Mux8_4b:my_muxP                   ; Mux8_4b     ; work         ;
;    |Mux8_4b:my_muxQ|        ; 20 (20)             ; 0 (0)                     ; 0           ; 0            ; 0       ; 0         ; 0    ; 0            ; |regfile|Mux8_4b:my_muxQ                   ; Mux8_4b     ; work         ;
;    |registerrr:my_reg0|     ; 0 (0)               ; 4 (0)                     ; 0           ; 0            ; 0       ; 0         ; 0    ; 0            ; |regfile|registerrr:my_reg0                ; registerrr  ; work         ;
;       |register:inst2|      ; 0 (0)               ; 1 (1)                     ; 0           ; 0            ; 0       ; 0         ; 0    ; 0            ; |regfile|registerrr:my_reg0|register:inst2 ; register    ; work         ;
;       |register:inst3|      ; 0 (0)               ; 1 (1)                     ; 0           ; 0            ; 0       ; 0         ; 0    ; 0            ; |regfile|registerrr:my_reg0|register:inst3 ; register    ; work         ;
;       |register:inst4|      ; 0 (0)               ; 1 (1)                     ; 0           ; 0            ; 0       ; 0         ; 0    ; 0            ; |regfile|registerrr:my_reg0|register:inst4 ; register    ; work         ;
;       |register:inst|       ; 0 (0)               ; 1 (1)                     ; 0           ; 0            ; 0       ; 0         ; 0    ; 0            ; |regfile|registerrr:my_reg0|register:inst  ; register    ; work         ;
;    |registerrr:my_reg1|     ; 0 (0)               ; 4 (0)                     ; 0           ; 0            ; 0       ; 0         ; 0    ; 0            ; |regfile|registerrr:my_reg1                ; registerrr  ; work         ;
;       |register:inst2|      ; 0 (0)               ; 1 (1)                     ; 0           ; 0            ; 0       ; 0         ; 0    ; 0            ; |regfile|registerrr:my_reg1|register:inst2 ; register    ; work         ;
;       |register:inst3|      ; 0 (0)               ; 1 (1)                     ; 0           ; 0            ; 0       ; 0         ; 0    ; 0            ; |regfile|registerrr:my_reg1|register:inst3 ; register    ; work         ;
;       |register:inst4|      ; 0 (0)               ; 1 (1)                     ; 0           ; 0            ; 0       ; 0         ; 0    ; 0            ; |regfile|registerrr:my_reg1|register:inst4 ; register    ; work         ;
;       |register:inst|       ; 0 (0)               ; 1 (1)                     ; 0           ; 0            ; 0       ; 0         ; 0    ; 0            ; |regfile|registerrr:my_reg1|register:inst  ; register    ; work         ;
;    |registerrr:my_reg2|     ; 0 (0)               ; 4 (0)                     ; 0           ; 0            ; 0       ; 0         ; 0    ; 0            ; |regfile|registerrr:my_reg2                ; registerrr  ; work         ;
;       |register:inst2|      ; 0 (0)               ; 1 (1)                     ; 0           ; 0            ; 0       ; 0         ; 0    ; 0            ; |regfile|registerrr:my_reg2|register:inst2 ; register    ; work         ;
;       |register:inst3|      ; 0 (0)               ; 1 (1)                     ; 0           ; 0            ; 0       ; 0         ; 0    ; 0            ; |regfile|registerrr:my_reg2|register:inst3 ; register    ; work         ;
;       |register:inst4|      ; 0 (0)               ; 1 (1)                     ; 0           ; 0            ; 0       ; 0         ; 0    ; 0            ; |regfile|registerrr:my_reg2|register:inst4 ; register    ; work         ;
;       |register:inst|       ; 0 (0)               ; 1 (1)                     ; 0           ; 0            ; 0       ; 0         ; 0    ; 0            ; |regfile|registerrr:my_reg2|register:inst  ; register    ; work         ;
;    |registerrr:my_reg3|     ; 0 (0)               ; 4 (0)                     ; 0           ; 0            ; 0       ; 0         ; 0    ; 0            ; |regfile|registerrr:my_reg3                ; registerrr  ; work         ;
;       |register:inst2|      ; 0 (0)               ; 1 (1)                     ; 0           ; 0            ; 0       ; 0         ; 0    ; 0            ; |regfile|registerrr:my_reg3|register:inst2 ; register    ; work         ;
;       |register:inst3|      ; 0 (0)               ; 1 (1)                     ; 0           ; 0            ; 0       ; 0         ; 0    ; 0            ; |regfile|registerrr:my_reg3|register:inst3 ; register    ; work         ;
;       |register:inst4|      ; 0 (0)               ; 1 (1)                     ; 0           ; 0            ; 0       ; 0         ; 0    ; 0            ; |regfile|registerrr:my_reg3|register:inst4 ; register    ; work         ;
;       |register:inst|       ; 0 (0)               ; 1 (1)                     ; 0           ; 0            ; 0       ; 0         ; 0    ; 0            ; |regfile|registerrr:my_reg3|register:inst  ; register    ; work         ;
;    |registerrr:my_reg4|     ; 0 (0)               ; 4 (0)                     ; 0           ; 0            ; 0       ; 0         ; 0    ; 0            ; |regfile|registerrr:my_reg4                ; registerrr  ; work         ;
;       |register:inst2|      ; 0 (0)               ; 1 (1)                     ; 0           ; 0            ; 0       ; 0         ; 0    ; 0            ; |regfile|registerrr:my_reg4|register:inst2 ; register    ; work         ;
;       |register:inst3|      ; 0 (0)               ; 1 (1)                     ; 0           ; 0            ; 0       ; 0         ; 0    ; 0            ; |regfile|registerrr:my_reg4|register:inst3 ; register    ; work         ;
;       |register:inst4|      ; 0 (0)               ; 1 (1)                     ; 0           ; 0            ; 0       ; 0         ; 0    ; 0            ; |regfile|registerrr:my_reg4|register:inst4 ; register    ; work         ;
;       |register:inst|       ; 0 (0)               ; 1 (1)                     ; 0           ; 0            ; 0       ; 0         ; 0    ; 0            ; |regfile|registerrr:my_reg4|register:inst  ; register    ; work         ;
;    |registerrr:my_reg5|     ; 0 (0)               ; 4 (0)                     ; 0           ; 0            ; 0       ; 0         ; 0    ; 0            ; |regfile|registerrr:my_reg5                ; registerrr  ; work         ;
;       |register:inst2|      ; 0 (0)               ; 1 (1)                     ; 0           ; 0            ; 0       ; 0         ; 0    ; 0            ; |regfile|registerrr:my_reg5|register:inst2 ; register    ; work         ;
;       |register:inst3|      ; 0 (0)               ; 1 (1)                     ; 0           ; 0            ; 0       ; 0         ; 0    ; 0            ; |regfile|registerrr:my_reg5|register:inst3 ; register    ; work         ;
;       |register:inst4|      ; 0 (0)               ; 1 (1)                     ; 0           ; 0            ; 0       ; 0         ; 0    ; 0            ; |regfile|registerrr:my_reg5|register:inst4 ; register    ; work         ;
;       |register:inst|       ; 0 (0)               ; 1 (1)                     ; 0           ; 0            ; 0       ; 0         ; 0    ; 0            ; |regfile|registerrr:my_reg5|register:inst  ; register    ; work         ;
;    |registerrr:my_reg6|     ; 0 (0)               ; 4 (0)                     ; 0           ; 0            ; 0       ; 0         ; 0    ; 0            ; |regfile|registerrr:my_reg6                ; registerrr  ; work         ;
;       |register:inst2|      ; 0 (0)               ; 1 (1)                     ; 0           ; 0            ; 0       ; 0         ; 0    ; 0            ; |regfile|registerrr:my_reg6|register:inst2 ; register    ; work         ;
;       |register:inst3|      ; 0 (0)               ; 1 (1)                     ; 0           ; 0            ; 0       ; 0         ; 0    ; 0            ; |regfile|registerrr:my_reg6|register:inst3 ; register    ; work         ;
;       |register:inst4|      ; 0 (0)               ; 1 (1)                     ; 0           ; 0            ; 0       ; 0         ; 0    ; 0            ; |regfile|registerrr:my_reg6|register:inst4 ; register    ; work         ;
;       |register:inst|       ; 0 (0)               ; 1 (1)                     ; 0           ; 0            ; 0       ; 0         ; 0    ; 0            ; |regfile|registerrr:my_reg6|register:inst  ; register    ; work         ;
;    |registerrr:my_reg7|     ; 0 (0)               ; 4 (0)                     ; 0           ; 0            ; 0       ; 0         ; 0    ; 0            ; |regfile|registerrr:my_reg7                ; registerrr  ; work         ;
;       |register:inst2|      ; 0 (0)               ; 1 (1)                     ; 0           ; 0            ; 0       ; 0         ; 0    ; 0            ; |regfile|registerrr:my_reg7|register:inst2 ; register    ; work         ;
;       |register:inst3|      ; 0 (0)               ; 1 (1)                     ; 0           ; 0            ; 0       ; 0         ; 0    ; 0            ; |regfile|registerrr:my_reg7|register:inst3 ; register    ; work         ;
;       |register:inst4|      ; 0 (0)               ; 1 (1)                     ; 0           ; 0            ; 0       ; 0         ; 0    ; 0            ; |regfile|registerrr:my_reg7|register:inst4 ; register    ; work         ;
;       |register:inst|       ; 0 (0)               ; 1 (1)                     ; 0           ; 0            ; 0       ; 0         ; 0    ; 0            ; |regfile|registerrr:my_reg7|register:inst  ; register    ; work         ;
+-----------------------------+---------------------+---------------------------+-------------+--------------+---------+-----------+------+--------------+--------------------------------------------+-------------+--------------+
Note: For table entries with two numbers listed, the numbers in parentheses indicate the number of resources of the given type used by the specific entity alone. The numbers listed outside of parentheses indicate the total resources of the given type used by the specific entity and all of its sub-entities in the hierarchy.


+---------------------------------------------------------------------------------------------------+
; User-Specified and Inferred Latches                                                               ;
+----------------------------------------------------+---------------------+------------------------+
; Latch Name                                         ; Latch Enable Signal ; Free of Timing Hazards ;
+----------------------------------------------------+---------------------+------------------------+
; Decoder3to8:my_decoder|Y2                          ; WR                  ; yes                    ;
; Decoder3to8:my_decoder|Y1                          ; WR                  ; yes                    ;
; Decoder3to8:my_decoder|Y0                          ; WR                  ; yes                    ;
; Decoder3to8:my_decoder|Y3                          ; WR                  ; yes                    ;
; Decoder3to8:my_decoder|Y5                          ; WR                  ; yes                    ;
; Decoder3to8:my_decoder|Y6                          ; WR                  ; yes                    ;
; Decoder3to8:my_decoder|Y4                          ; WR                  ; yes                    ;
; Decoder3to8:my_decoder|Y7                          ; WR                  ; yes                    ;
; Number of user-specified and inferred latches = 8  ;                     ;                        ;
+----------------------------------------------------+---------------------+------------------------+
Note: All latches listed above may not be present at the end of synthesis due to various synthesis optimizations.


+------------------------------------------------------+
; General Register Statistics                          ;
+----------------------------------------------+-------+
; Statistic                                    ; Value ;
+----------------------------------------------+-------+
; Total registers                              ; 32    ;
; Number of registers using Synchronous Clear  ; 0     ;
; Number of registers using Synchronous Load   ; 0     ;
; Number of registers using Asynchronous Clear ; 32    ;
; Number of registers using Asynchronous Load  ; 0     ;
; Number of registers using Clock Enable       ; 32    ;
; Number of registers using Preset             ; 0     ;
+----------------------------------------------+-------+


+---------------------------------------------------------------------------------------------------------------------------------------------+
; Multiplexer Restructuring Statistics (Restructuring Performed)                                                                              ;
+--------------------+-----------+---------------+----------------------+------------------------+------------+-------------------------------+
; Multiplexer Inputs ; Bus Width ; Baseline Area ; Area if Restructured ; Saving if Restructured ; Registered ; Example Multiplexer Output    ;
+--------------------+-----------+---------------+----------------------+------------------------+------------+-------------------------------+
; 8:1                ; 4 bits    ; 20 LEs        ; 20 LEs               ; 0 LEs                  ; No         ; |regfile|Mux8_4b:my_muxP|Mux3 ;
; 8:1                ; 4 bits    ; 20 LEs        ; 20 LEs               ; 0 LEs                  ; No         ; |regfile|Mux8_4b:my_muxQ|Mux0 ;
+--------------------+-----------+---------------+----------------------+------------------------+------------+-------------------------------+


+-------------------------------------------------------------------------------------------+
; Parameter Settings for User Entity Instance: registerrr:my_reg0|register:inst|BUSMUX:inst ;
+----------------+-------+------------------------------------------------------------------+
; Parameter Name ; Value ; Type                                                             ;
+----------------+-------+------------------------------------------------------------------+
; WIDTH          ; 1     ; Untyped                                                          ;
+----------------+-------+------------------------------------------------------------------+
Note: In order to hide this table in the UI and the text report file, please set the "Show Parameter Settings in Synthesis Report" option in "Analysis and Synthesis Settings -> More Settings" to "Off".


+--------------------------------------------------------------------------------------------+
; Parameter Settings for User Entity Instance: registerrr:my_reg0|register:inst2|BUSMUX:inst ;
+----------------+-------+-------------------------------------------------------------------+
; Parameter Name ; Value ; Type                                                              ;
+----------------+-------+-------------------------------------------------------------------+
; WIDTH          ; 1     ; Untyped                                                           ;
+----------------+-------+-------------------------------------------------------------------+
Note: In order to hide this table in the UI and the text report file, please set the "Show Parameter Settings in Synthesis Report" option in "Analysis and Synthesis Settings -> More Settings" to "Off".


+--------------------------------------------------------------------------------------------+
; Parameter Settings for User Entity Instance: registerrr:my_reg0|register:inst3|BUSMUX:inst ;
+----------------+-------+-------------------------------------------------------------------+
; Parameter Name ; Value ; Type                                                              ;
+----------------+-------+-------------------------------------------------------------------+
; WIDTH          ; 1     ; Untyped                                                           ;
+----------------+-------+-------------------------------------------------------------------+
Note: In order to hide this table in the UI and the text report file, please set the "Show Parameter Settings in Synthesis Report" option in "Analysis and Synthesis Settings -> More Settings" to "Off".


+--------------------------------------------------------------------------------------------+
; Parameter Settings for User Entity Instance: registerrr:my_reg0|register:inst4|BUSMUX:inst ;
+----------------+-------+-------------------------------------------------------------------+
; Parameter Name ; Value ; Type                                                              ;
+----------------+-------+-------------------------------------------------------------------+
; WIDTH          ; 1     ; Untyped                                                           ;
+----------------+-------+-------------------------------------------------------------------+
Note: In order to hide this table in the UI and the text report file, please set the "Show Parameter Settings in Synthesis Report" option in "Analysis and Synthesis Settings -> More Settings" to "Off".


+-------------------------------------------------------------------------------------------+
; Parameter Settings for User Entity Instance: registerrr:my_reg1|register:inst|BUSMUX:inst ;
+----------------+-------+------------------------------------------------------------------+
; Parameter Name ; Value ; Type                                                             ;
+----------------+-------+------------------------------------------------------------------+
; WIDTH          ; 1     ; Untyped                                                          ;
+----------------+-------+------------------------------------------------------------------+
Note: In order to hide this table in the UI and the text report file, please set the "Show Parameter Settings in Synthesis Report" option in "Analysis and Synthesis Settings -> More Settings" to "Off".


+--------------------------------------------------------------------------------------------+
; Parameter Settings for User Entity Instance: registerrr:my_reg1|register:inst2|BUSMUX:inst ;
+----------------+-------+-------------------------------------------------------------------+
; Parameter Name ; Value ; Type                                                              ;
+----------------+-------+-------------------------------------------------------------------+
; WIDTH          ; 1     ; Untyped                                                           ;
+----------------+-------+-------------------------------------------------------------------+
Note: In order to hide this table in the UI and the text report file, please set the "Show Parameter Settings in Synthesis Report" option in "Analysis and Synthesis Settings -> More Settings" to "Off".


+--------------------------------------------------------------------------------------------+
; Parameter Settings for User Entity Instance: registerrr:my_reg1|register:inst3|BUSMUX:inst ;
+----------------+-------+-------------------------------------------------------------------+
; Parameter Name ; Value ; Type                                                              ;
+----------------+-------+-------------------------------------------------------------------+
; WIDTH          ; 1     ; Untyped                                                           ;
+----------------+-------+-------------------------------------------------------------------+
Note: In order to hide this table in the UI and the text report file, please set the "Show Parameter Settings in Synthesis Report" option in "Analysis and Synthesis Settings -> More Settings" to "Off".


+--------------------------------------------------------------------------------------------+
; Parameter Settings for User Entity Instance: registerrr:my_reg1|register:inst4|BUSMUX:inst ;
+----------------+-------+-------------------------------------------------------------------+
; Parameter Name ; Value ; Type                                                              ;
+----------------+-------+-------------------------------------------------------------------+
; WIDTH          ; 1     ; Untyped                                                           ;
+----------------+-------+-------------------------------------------------------------------+
Note: In order to hide this table in the UI and the text report file, please set the "Show Parameter Settings in Synthesis Report" option in "Analysis and Synthesis Settings -> More Settings" to "Off".


+-------------------------------------------------------------------------------------------+
; Parameter Settings for User Entity Instance: registerrr:my_reg2|register:inst|BUSMUX:inst ;
+----------------+-------+------------------------------------------------------------------+
; Parameter Name ; Value ; Type                                                             ;
+----------------+-------+------------------------------------------------------------------+
; WIDTH          ; 1     ; Untyped                                                          ;
+----------------+-------+------------------------------------------------------------------+
Note: In order to hide this table in the UI and the text report file, please set the "Show Parameter Settings in Synthesis Report" option in "Analysis and Synthesis Settings -> More Settings" to "Off".


+--------------------------------------------------------------------------------------------+
; Parameter Settings for User Entity Instance: registerrr:my_reg2|register:inst2|BUSMUX:inst ;
+----------------+-------+-------------------------------------------------------------------+
; Parameter Name ; Value ; Type                                                              ;
+----------------+-------+-------------------------------------------------------------------+
; WIDTH          ; 1     ; Untyped                                                           ;
+----------------+-------+-------------------------------------------------------------------+
Note: In order to hide this table in the UI and the text report file, please set the "Show Parameter Settings in Synthesis Report" option in "Analysis and Synthesis Settings -> More Settings" to "Off".


+--------------------------------------------------------------------------------------------+
; Parameter Settings for User Entity Instance: registerrr:my_reg2|register:inst3|BUSMUX:inst ;
+----------------+-------+-------------------------------------------------------------------+
; Parameter Name ; Value ; Type                                                              ;
+----------------+-------+-------------------------------------------------------------------+
; WIDTH          ; 1     ; Untyped                                                           ;
+----------------+-------+-------------------------------------------------------------------+
Note: In order to hide this table in the UI and the text report file, please set the "Show Parameter Settings in Synthesis Report" option in "Analysis and Synthesis Settings -> More Settings" to "Off".


+--------------------------------------------------------------------------------------------+
; Parameter Settings for User Entity Instance: registerrr:my_reg2|register:inst4|BUSMUX:inst ;
+----------------+-------+-------------------------------------------------------------------+
; Parameter Name ; Value ; Type                                                              ;
+----------------+-------+-------------------------------------------------------------------+
; WIDTH          ; 1     ; Untyped                                                           ;
+----------------+-------+-------------------------------------------------------------------+
Note: In order to hide this table in the UI and the text report file, please set the "Show Parameter Settings in Synthesis Report" option in "Analysis and Synthesis Settings -> More Settings" to "Off".


+-------------------------------------------------------------------------------------------+
; Parameter Settings for User Entity Instance: registerrr:my_reg3|register:inst|BUSMUX:inst ;
+----------------+-------+------------------------------------------------------------------+
; Parameter Name ; Value ; Type                                                             ;
+----------------+-------+------------------------------------------------------------------+
; WIDTH          ; 1     ; Untyped                                                          ;
+----------------+-------+------------------------------------------------------------------+
Note: In order to hide this table in the UI and the text report file, please set the "Show Parameter Settings in Synthesis Report" option in "Analysis and Synthesis Settings -> More Settings" to "Off".


+--------------------------------------------------------------------------------------------+
; Parameter Settings for User Entity Instance: registerrr:my_reg3|register:inst2|BUSMUX:inst ;
+----------------+-------+-------------------------------------------------------------------+
; Parameter Name ; Value ; Type                                                              ;
+----------------+-------+-------------------------------------------------------------------+
; WIDTH          ; 1     ; Untyped                                                           ;
+----------------+-------+-------------------------------------------------------------------+
Note: In order to hide this table in the UI and the text report file, please set the "Show Parameter Settings in Synthesis Report" option in "Analysis and Synthesis Settings -> More Settings" to "Off".


+--------------------------------------------------------------------------------------------+
; Parameter Settings for User Entity Instance: registerrr:my_reg3|register:inst3|BUSMUX:inst ;
+----------------+-------+-------------------------------------------------------------------+
; Parameter Name ; Value ; Type                                                              ;
+----------------+-------+-------------------------------------------------------------------+
; WIDTH          ; 1     ; Untyped                                                           ;
+----------------+-------+-------------------------------------------------------------------+
Note: In order to hide this table in the UI and the text report file, please set the "Show Parameter Settings in Synthesis Report" option in "Analysis and Synthesis Settings -> More Settings" to "Off".


+--------------------------------------------------------------------------------------------+
; Parameter Settings for User Entity Instance: registerrr:my_reg3|register:inst4|BUSMUX:inst ;
+----------------+-------+-------------------------------------------------------------------+
; Parameter Name ; Value ; Type                                                              ;
+----------------+-------+-------------------------------------------------------------------+
; WIDTH          ; 1     ; Untyped                                                           ;
+----------------+-------+-------------------------------------------------------------------+
Note: In order to hide this table in the UI and the text report file, please set the "Show Parameter Settings in Synthesis Report" option in "Analysis and Synthesis Settings -> More Settings" to "Off".


+-------------------------------------------------------------------------------------------+
; Parameter Settings for User Entity Instance: registerrr:my_reg4|register:inst|BUSMUX:inst ;
+----------------+-------+------------------------------------------------------------------+
; Parameter Name ; Value ; Type                                                             ;
+----------------+-------+------------------------------------------------------------------+
; WIDTH          ; 1     ; Untyped                                                          ;
+----------------+-------+------------------------------------------------------------------+
Note: In order to hide this table in the UI and the text report file, please set the "Show Parameter Settings in Synthesis Report" option in "Analysis and Synthesis Settings -> More Settings" to "Off".


+--------------------------------------------------------------------------------------------+
; Parameter Settings for User Entity Instance: registerrr:my_reg4|register:inst2|BUSMUX:inst ;
+----------------+-------+-------------------------------------------------------------------+
; Parameter Name ; Value ; Type                                                              ;
+----------------+-------+-------------------------------------------------------------------+
; WIDTH          ; 1     ; Untyped                                                           ;
+----------------+-------+-------------------------------------------------------------------+
Note: In order to hide this table in the UI and the text report file, please set the "Show Parameter Settings in Synthesis Report" option in "Analysis and Synthesis Settings -> More Settings" to "Off".


+--------------------------------------------------------------------------------------------+
; Parameter Settings for User Entity Instance: registerrr:my_reg4|register:inst3|BUSMUX:inst ;
+----------------+-------+-------------------------------------------------------------------+
; Parameter Name ; Value ; Type                                                              ;
+----------------+-------+-------------------------------------------------------------------+
; WIDTH          ; 1     ; Untyped                                                           ;
+----------------+-------+-------------------------------------------------------------------+
Note: In order to hide this table in the UI and the text report file, please set the "Show Parameter Settings in Synthesis Report" option in "Analysis and Synthesis Settings -> More Settings" to "Off".


+--------------------------------------------------------------------------------------------+
; Parameter Settings for User Entity Instance: registerrr:my_reg4|register:inst4|BUSMUX:inst ;
+----------------+-------+-------------------------------------------------------------------+
; Parameter Name ; Value ; Type                                                              ;
+----------------+-------+-------------------------------------------------------------------+
; WIDTH          ; 1     ; Untyped                                                           ;
+----------------+-------+-------------------------------------------------------------------+
Note: In order to hide this table in the UI and the text report file, please set the "Show Parameter Settings in Synthesis Report" option in "Analysis and Synthesis Settings -> More Settings" to "Off".


+-------------------------------------------------------------------------------------------+
; Parameter Settings for User Entity Instance: registerrr:my_reg5|register:inst|BUSMUX:inst ;
+----------------+-------+------------------------------------------------------------------+
; Parameter Name ; Value ; Type                                                             ;
+----------------+-------+------------------------------------------------------------------+
; WIDTH          ; 1     ; Untyped                                                          ;
+----------------+-------+------------------------------------------------------------------+
Note: In order to hide this table in the UI and the text report file, please set the "Show Parameter Settings in Synthesis Report" option in "Analysis and Synthesis Settings -> More Settings" to "Off".


+--------------------------------------------------------------------------------------------+
; Parameter Settings for User Entity Instance: registerrr:my_reg5|register:inst2|BUSMUX:inst ;
+----------------+-------+-------------------------------------------------------------------+
; Parameter Name ; Value ; Type                                                              ;
+----------------+-------+-------------------------------------------------------------------+
; WIDTH          ; 1     ; Untyped                                                           ;
+----------------+-------+-------------------------------------------------------------------+
Note: In order to hide this table in the UI and the text report file, please set the "Show Parameter Settings in Synthesis Report" option in "Analysis and Synthesis Settings -> More Settings" to "Off".


+--------------------------------------------------------------------------------------------+
; Parameter Settings for User Entity Instance: registerrr:my_reg5|register:inst3|BUSMUX:inst ;
+----------------+-------+-------------------------------------------------------------------+
; Parameter Name ; Value ; Type                                                              ;
+----------------+-------+-------------------------------------------------------------------+
; WIDTH          ; 1     ; Untyped                                                           ;
+----------------+-------+-------------------------------------------------------------------+
Note: In order to hide this table in the UI and the text report file, please set the "Show Parameter Settings in Synthesis Report" option in "Analysis and Synthesis Settings -> More Settings" to "Off".


+--------------------------------------------------------------------------------------------+
; Parameter Settings for User Entity Instance: registerrr:my_reg5|register:inst4|BUSMUX:inst ;
+----------------+-------+-------------------------------------------------------------------+
; Parameter Name ; Value ; Type                                                              ;
+----------------+-------+-------------------------------------------------------------------+
; WIDTH          ; 1     ; Untyped                                                           ;
+----------------+-------+-------------------------------------------------------------------+
Note: In order to hide this table in the UI and the text report file, please set the "Show Parameter Settings in Synthesis Report" option in "Analysis and Synthesis Settings -> More Settings" to "Off".


+-------------------------------------------------------------------------------------------+
; Parameter Settings for User Entity Instance: registerrr:my_reg6|register:inst|BUSMUX:inst ;
+----------------+-------+------------------------------------------------------------------+
; Parameter Name ; Value ; Type                                                             ;
+----------------+-------+------------------------------------------------------------------+
; WIDTH          ; 1     ; Untyped                                                          ;
+----------------+-------+------------------------------------------------------------------+
Note: In order to hide this table in the UI and the text report file, please set the "Show Parameter Settings in Synthesis Report" option in "Analysis and Synthesis Settings -> More Settings" to "Off".


+--------------------------------------------------------------------------------------------+
; Parameter Settings for User Entity Instance: registerrr:my_reg6|register:inst2|BUSMUX:inst ;
+----------------+-------+-------------------------------------------------------------------+
; Parameter Name ; Value ; Type                                                              ;
+----------------+-------+-------------------------------------------------------------------+
; WIDTH          ; 1     ; Untyped                                                           ;
+----------------+-------+-------------------------------------------------------------------+
Note: In order to hide this table in the UI and the text report file, please set the "Show Parameter Settings in Synthesis Report" option in "Analysis and Synthesis Settings -> More Settings" to "Off".


+--------------------------------------------------------------------------------------------+
; Parameter Settings for User Entity Instance: registerrr:my_reg6|register:inst3|BUSMUX:inst ;
+----------------+-------+-------------------------------------------------------------------+
; Parameter Name ; Value ; Type                                                              ;
+----------------+-------+-------------------------------------------------------------------+
; WIDTH          ; 1     ; Untyped                                                           ;
+----------------+-------+-------------------------------------------------------------------+
Note: In order to hide this table in the UI and the text report file, please set the "Show Parameter Settings in Synthesis Report" option in "Analysis and Synthesis Settings -> More Settings" to "Off".


+--------------------------------------------------------------------------------------------+
; Parameter Settings for User Entity Instance: registerrr:my_reg6|register:inst4|BUSMUX:inst ;
+----------------+-------+-------------------------------------------------------------------+
; Parameter Name ; Value ; Type                                                              ;
+----------------+-------+-------------------------------------------------------------------+
; WIDTH          ; 1     ; Untyped                                                           ;
+----------------+-------+-------------------------------------------------------------------+
Note: In order to hide this table in the UI and the text report file, please set the "Show Parameter Settings in Synthesis Report" option in "Analysis and Synthesis Settings -> More Settings" to "Off".


+-------------------------------------------------------------------------------------------+
; Parameter Settings for User Entity Instance: registerrr:my_reg7|register:inst|BUSMUX:inst ;
+----------------+-------+------------------------------------------------------------------+
; Parameter Name ; Value ; Type                                                             ;
+----------------+-------+------------------------------------------------------------------+
; WIDTH          ; 1     ; Untyped                                                          ;
+----------------+-------+------------------------------------------------------------------+
Note: In order to hide this table in the UI and the text report file, please set the "Show Parameter Settings in Synthesis Report" option in "Analysis and Synthesis Settings -> More Settings" to "Off".


+--------------------------------------------------------------------------------------------+
; Parameter Settings for User Entity Instance: registerrr:my_reg7|register:inst2|BUSMUX:inst ;
+----------------+-------+-------------------------------------------------------------------+
; Parameter Name ; Value ; Type                                                              ;
+----------------+-------+-------------------------------------------------------------------+
; WIDTH          ; 1     ; Untyped                                                           ;
+----------------+-------+-------------------------------------------------------------------+
Note: In order to hide this table in the UI and the text report file, please set the "Show Parameter Settings in Synthesis Report" option in "Analysis and Synthesis Settings -> More Settings" to "Off".


+--------------------------------------------------------------------------------------------+
; Parameter Settings for User Entity Instance: registerrr:my_reg7|register:inst3|BUSMUX:inst ;
+----------------+-------+-------------------------------------------------------------------+
; Parameter Name ; Value ; Type                                                              ;
+----------------+-------+-------------------------------------------------------------------+
; WIDTH          ; 1     ; Untyped                                                           ;
+----------------+-------+-------------------------------------------------------------------+
Note: In order to hide this table in the UI and the text report file, please set the "Show Parameter Settings in Synthesis Report" option in "Analysis and Synthesis Settings -> More Settings" to "Off".


+--------------------------------------------------------------------------------------------+
; Parameter Settings for User Entity Instance: registerrr:my_reg7|register:inst4|BUSMUX:inst ;
+----------------+-------+-------------------------------------------------------------------+
; Parameter Name ; Value ; Type                                                              ;
+----------------+-------+-------------------------------------------------------------------+
; WIDTH          ; 1     ; Untyped                                                           ;
+----------------+-------+-------------------------------------------------------------------+
Note: In order to hide this table in the UI and the text report file, please set the "Show Parameter Settings in Synthesis Report" option in "Analysis and Synthesis Settings -> More Settings" to "Off".


+-----------------------------------------------------+
; Post-Synthesis Netlist Statistics for Top Partition ;
+-----------------------+-----------------------------+
; Type                  ; Count                       ;
+-----------------------+-----------------------------+
; boundary_port         ; 24                          ;
; cycloneiii_ff         ; 32                          ;
;     ENA CLR           ; 32                          ;
; cycloneiii_lcell_comb ; 56                          ;
;     normal            ; 56                          ;
;         3 data inputs ; 24                          ;
;         4 data inputs ; 32                          ;
;                       ;                             ;
; Max LUT depth         ; 3.00                        ;
; Average LUT depth     ; 2.33                        ;
+-----------------------+-----------------------------+


+-------------------------------+
; Elapsed Time Per Partition    ;
+----------------+--------------+
; Partition Name ; Elapsed Time ;
+----------------+--------------+
; Top            ; 00:00:01     ;
+----------------+--------------+


+-------------------------------+
; Analysis & Synthesis Messages ;
+-------------------------------+
Info: *******************************************************************
Info: Running Quartus Prime Analysis & Synthesis
    Info: Version 18.1.0 Build 625 09/12/2018 SJ Lite Edition
    Info: Processing started: Sun Dec 02 16:31:42 2018
Info: Command: quartus_map --read_settings_files=on --write_settings_files=off regfile -c regfile
Warning (18236): Number of processors has not been specified which may cause overloading on shared machines.  Set the global assignment NUM_PARALLEL_PROCESSORS in your QSF to an appropriate value for best performance.
Info (20030): Parallel compilation is enabled and will use 6 of the 6 processors detected
Info (12021): Found 1 design units, including 1 entities, in source file regfile.v
    Info (12023): Found entity 1: regfile File: C:/Users/Amber Chin/Documents/CPR E 281 Lab 12/regfile.v Line: 1
Info (12127): Elaborating entity "regfile" for the top level hierarchy
Warning (12125): Using design file registerrr.bdf, which is not specified as a design file for the current project, but contains definitions for 1 design units and 1 entities in project
    Info (12023): Found entity 1: registerrr
Info (12128): Elaborating entity "registerrr" for hierarchy "registerrr:my_reg0" File: C:/Users/Amber Chin/Documents/CPR E 281 Lab 12/regfile.v Line: 16
Warning (12125): Using design file register.bdf, which is not specified as a design file for the current project, but contains definitions for 1 design units and 1 entities in project
    Info (12023): Found entity 1: register
Info (12128): Elaborating entity "register" for hierarchy "registerrr:my_reg0|register:inst"
Info (12128): Elaborating entity "BUSMUX" for hierarchy "registerrr:my_reg0|register:inst|BUSMUX:inst"
Info (12130): Elaborated megafunction instantiation "registerrr:my_reg0|register:inst|BUSMUX:inst"
Info (12133): Instantiated megafunction "registerrr:my_reg0|register:inst|BUSMUX:inst" with the following parameter:
    Info (12134): Parameter "WIDTH" = "1"
Info (12128): Elaborating entity "lpm_mux" for hierarchy "registerrr:my_reg0|register:inst|BUSMUX:inst|lpm_mux:$00000" File: c:/intelfpga_lite/18.1/quartus/libraries/megafunctions/busmux.tdf Line: 43
Info (12131): Elaborated megafunction instantiation "registerrr:my_reg0|register:inst|BUSMUX:inst|lpm_mux:$00000", which is child of megafunction instantiation "registerrr:my_reg0|register:inst|BUSMUX:inst" File: c:/intelfpga_lite/18.1/quartus/libraries/megafunctions/busmux.tdf Line: 43
Info (12021): Found 1 design units, including 1 entities, in source file db/mux_7rc.tdf
    Info (12023): Found entity 1: mux_7rc File: C:/Users/Amber Chin/Documents/CPR E 281 Lab 12/db/mux_7rc.tdf Line: 22
Info (12128): Elaborating entity "mux_7rc" for hierarchy "registerrr:my_reg0|register:inst|BUSMUX:inst|lpm_mux:$00000|mux_7rc:auto_generated" File: c:/intelfpga_lite/18.1/quartus/libraries/megafunctions/lpm_mux.tdf Line: 86
Warning (12125): Using design file decoder3to8.v, which is not specified as a design file for the current project, but contains definitions for 1 design units and 1 entities in project
    Info (12023): Found entity 1: Decoder3to8 File: C:/Users/Amber Chin/Documents/CPR E 281 Lab 12/decoder3to8.v Line: 1
Info (12128): Elaborating entity "Decoder3to8" for hierarchy "Decoder3to8:my_decoder" File: C:/Users/Amber Chin/Documents/CPR E 281 Lab 12/regfile.v Line: 25
Warning (10240): Verilog HDL Always Construct warning at decoder3to8.v(6): inferring latch(es) for variable "Y0", which holds its previous value in one or more paths through the always construct File: C:/Users/Amber Chin/Documents/CPR E 281 Lab 12/decoder3to8.v Line: 6
Warning (10240): Verilog HDL Always Construct warning at decoder3to8.v(6): inferring latch(es) for variable "Y1", which holds its previous value in one or more paths through the always construct File: C:/Users/Amber Chin/Documents/CPR E 281 Lab 12/decoder3to8.v Line: 6
Warning (10240): Verilog HDL Always Construct warning at decoder3to8.v(6): inferring latch(es) for variable "Y2", which holds its previous value in one or more paths through the always construct File: C:/Users/Amber Chin/Documents/CPR E 281 Lab 12/decoder3to8.v Line: 6
Warning (10240): Verilog HDL Always Construct warning at decoder3to8.v(6): inferring latch(es) for variable "Y3", which holds its previous value in one or more paths through the always construct File: C:/Users/Amber Chin/Documents/CPR E 281 Lab 12/decoder3to8.v Line: 6
Warning (10240): Verilog HDL Always Construct warning at decoder3to8.v(6): inferring latch(es) for variable "Y4", which holds its previous value in one or more paths through the always construct File: C:/Users/Amber Chin/Documents/CPR E 281 Lab 12/decoder3to8.v Line: 6
Warning (10240): Verilog HDL Always Construct warning at decoder3to8.v(6): inferring latch(es) for variable "Y5", which holds its previous value in one or more paths through the always construct File: C:/Users/Amber Chin/Documents/CPR E 281 Lab 12/decoder3to8.v Line: 6
Warning (10240): Verilog HDL Always Construct warning at decoder3to8.v(6): inferring latch(es) for variable "Y6", which holds its previous value in one or more paths through the always construct File: C:/Users/Amber Chin/Documents/CPR E 281 Lab 12/decoder3to8.v Line: 6
Warning (10240): Verilog HDL Always Construct warning at decoder3to8.v(6): inferring latch(es) for variable "Y7", which holds its previous value in one or more paths through the always construct File: C:/Users/Amber Chin/Documents/CPR E 281 Lab 12/decoder3to8.v Line: 6
Info (10041): Inferred latch for "Y7" at decoder3to8.v(9) File: C:/Users/Amber Chin/Documents/CPR E 281 Lab 12/decoder3to8.v Line: 9
Info (10041): Inferred latch for "Y6" at decoder3to8.v(9) File: C:/Users/Amber Chin/Documents/CPR E 281 Lab 12/decoder3to8.v Line: 9
Info (10041): Inferred latch for "Y5" at decoder3to8.v(9) File: C:/Users/Amber Chin/Documents/CPR E 281 Lab 12/decoder3to8.v Line: 9
Info (10041): Inferred latch for "Y4" at decoder3to8.v(9) File: C:/Users/Amber Chin/Documents/CPR E 281 Lab 12/decoder3to8.v Line: 9
Info (10041): Inferred latch for "Y3" at decoder3to8.v(9) File: C:/Users/Amber Chin/Documents/CPR E 281 Lab 12/decoder3to8.v Line: 9
Info (10041): Inferred latch for "Y2" at decoder3to8.v(9) File: C:/Users/Amber Chin/Documents/CPR E 281 Lab 12/decoder3to8.v Line: 9
Info (10041): Inferred latch for "Y1" at decoder3to8.v(9) File: C:/Users/Amber Chin/Documents/CPR E 281 Lab 12/decoder3to8.v Line: 9
Info (10041): Inferred latch for "Y0" at decoder3to8.v(9) File: C:/Users/Amber Chin/Documents/CPR E 281 Lab 12/decoder3to8.v Line: 9
Warning (12125): Using design file mux8_4b.v, which is not specified as a design file for the current project, but contains definitions for 1 design units and 1 entities in project
    Info (12023): Found entity 1: Mux8_4b File: C:/Users/Amber Chin/Documents/CPR E 281 Lab 12/mux8_4b.v Line: 1
Info (12128): Elaborating entity "Mux8_4b" for hierarchy "Mux8_4b:my_muxP" File: C:/Users/Amber Chin/Documents/CPR E 281 Lab 12/regfile.v Line: 32
Info (286030): Timing-Driven Synthesis is running
Info (16010): Generating hard_block partition "hard_block:auto_generated_inst"
    Info (16011): Adding 0 node(s), including 0 DDIO, 0 PLL, 0 transceiver and 0 LCELL
Info (21057): Implemented 112 device resources after synthesis - the final resource count might be different
    Info (21058): Implemented 16 input pins
    Info (21059): Implemented 8 output pins
    Info (21061): Implemented 88 logic cells
Info: Quartus Prime Analysis & Synthesis was successful. 0 errors, 13 warnings
    Info: Peak virtual memory: 4817 megabytes
    Info: Processing ended: Sun Dec 02 16:32:02 2018
    Info: Elapsed time: 00:00:20
    Info: Total CPU time (on all processors): 00:00:32


