Analysis & Synthesis report for registerfile
Sun Dec 02 20:03:08 2018
Quartus Prime Version 18.1.0 Build 625 09/12/2018 SJ Lite Edition


---------------------
; Table of Contents ;
---------------------
  1. Legal Notice
  2. Analysis & Synthesis Summary
  3. Analysis & Synthesis Settings
  4. Parallel Compilation
  5. Analysis & Synthesis Source Files Read
  6. Analysis & Synthesis Resource Usage Summary
  7. Analysis & Synthesis Resource Utilization by Entity
  8. General Register Statistics
  9. Parameter Settings for User Entity Instance: registerrr:my_reg0|register:inst|BUSMUX:inst
 10. Parameter Settings for User Entity Instance: registerrr:my_reg0|register:inst2|BUSMUX:inst
 11. Parameter Settings for User Entity Instance: registerrr:my_reg0|register:inst3|BUSMUX:inst
 12. Parameter Settings for User Entity Instance: registerrr:my_reg0|register:inst4|BUSMUX:inst
 13. Parameter Settings for User Entity Instance: registerrr:my_reg1|register:inst|BUSMUX:inst
 14. Parameter Settings for User Entity Instance: registerrr:my_reg1|register:inst2|BUSMUX:inst
 15. Parameter Settings for User Entity Instance: registerrr:my_reg1|register:inst3|BUSMUX:inst
 16. Parameter Settings for User Entity Instance: registerrr:my_reg1|register:inst4|BUSMUX:inst
 17. Parameter Settings for User Entity Instance: registerrr:my_reg2|register:inst|BUSMUX:inst
 18. Parameter Settings for User Entity Instance: registerrr:my_reg2|register:inst2|BUSMUX:inst
 19. Parameter Settings for User Entity Instance: registerrr:my_reg2|register:inst3|BUSMUX:inst
 20. Parameter Settings for User Entity Instance: registerrr:my_reg2|register:inst4|BUSMUX:inst
 21. Parameter Settings for User Entity Instance: registerrr:my_reg3|register:inst|BUSMUX:inst
 22. Parameter Settings for User Entity Instance: registerrr:my_reg3|register:inst2|BUSMUX:inst
 23. Parameter Settings for User Entity Instance: registerrr:my_reg3|register:inst3|BUSMUX:inst
 24. Parameter Settings for User Entity Instance: registerrr:my_reg3|register:inst4|BUSMUX:inst
 25. Port Connectivity Checks: "mux4to1:my_muxQ"
 26. Port Connectivity Checks: "mux4to1:my_muxP"
 27. Port Connectivity Checks: "Decoder2to4:my_decoder"
 28. Post-Synthesis Netlist Statistics for Top Partition
 29. Elapsed Time Per Partition
 30. Analysis & Synthesis Messages



----------------
; Legal Notice ;
----------------
Copyright (C) 2018  Intel Corporation. All rights reserved.
Your use of Intel Corporation's design tools, logic functions 
and other software and tools, and its AMPP partner logic 
functions, and any output files from any of the foregoing 
(including device programming or simulation files), and any 
associated documentation or information are expressly subject 
to the terms and conditions of the Intel Program License 
Subscription Agreement, the Intel Quartus Prime License Agreement,
the Intel FPGA IP License Agreement, or other applicable license
agreement, including, without limitation, that your use is for
the sole purpose of programming logic devices manufactured by
Intel and sold by Intel or its authorized distributors.  Please
refer to the applicable agreement for further details.



+----------------------------------------------------------------------------------+
; Analysis & Synthesis Summary                                                     ;
+------------------------------------+---------------------------------------------+
; Analysis & Synthesis Status        ; Successful - Sun Dec 02 20:03:08 2018       ;
; Quartus Prime Version              ; 18.1.0 Build 625 09/12/2018 SJ Lite Edition ;
; Revision Name                      ; registerfile                                ;
; Top-level Entity Name              ; registerfile                                ;
; Family                             ; Cyclone IV E                                ;
; Total logic elements               ; 10                                          ;
;     Total combinational functions  ; 10                                          ;
;     Dedicated logic registers      ; 4                                           ;
; Total registers                    ; 4                                           ;
; Total pins                         ; 22                                          ;
; Total virtual pins                 ; 0                                           ;
; Total memory bits                  ; 0                                           ;
; Embedded Multiplier 9-bit elements ; 0                                           ;
; Total PLLs                         ; 0                                           ;
+------------------------------------+---------------------------------------------+


+------------------------------------------------------------------------------------------------------------+
; Analysis & Synthesis Settings                                                                              ;
+------------------------------------------------------------------+--------------------+--------------------+
; Option                                                           ; Setting            ; Default Value      ;
+------------------------------------------------------------------+--------------------+--------------------+
; Device                                                           ; EP4CE115F29C7      ;                    ;
; Top-level entity name                                            ; registerfile       ; registerfile       ;
; Family name                                                      ; Cyclone IV E       ; Cyclone V          ;
; Use smart compilation                                            ; Off                ; Off                ;
; Enable parallel Assembler and Timing Analyzer during compilation ; On                 ; On                 ;
; Enable compact report table                                      ; Off                ; Off                ;
; Restructure Multiplexers                                         ; Auto               ; Auto               ;
; Create Debugging Nodes for IP Cores                              ; Off                ; Off                ;
; Preserve fewer node names                                        ; On                 ; On                 ;
; Intel FPGA IP Evaluation Mode                                    ; Enable             ; Enable             ;
; Verilog Version                                                  ; Verilog_2001       ; Verilog_2001       ;
; VHDL Version                                                     ; VHDL_1993          ; VHDL_1993          ;
; State Machine Processing                                         ; Auto               ; Auto               ;
; Safe State Machine                                               ; Off                ; Off                ;
; Extract Verilog State Machines                                   ; On                 ; On                 ;
; Extract VHDL State Machines                                      ; On                 ; On                 ;
; Ignore Verilog initial constructs                                ; Off                ; Off                ;
; Iteration limit for constant Verilog loops                       ; 5000               ; 5000               ;
; Iteration limit for non-constant Verilog loops                   ; 250                ; 250                ;
; Add Pass-Through Logic to Inferred RAMs                          ; On                 ; On                 ;
; Infer RAMs from Raw Logic                                        ; On                 ; On                 ;
; Parallel Synthesis                                               ; On                 ; On                 ;
; DSP Block Balancing                                              ; Auto               ; Auto               ;
; NOT Gate Push-Back                                               ; On                 ; On                 ;
; Power-Up Don't Care                                              ; On                 ; On                 ;
; Remove Redundant Logic Cells                                     ; Off                ; Off                ;
; Remove Duplicate Registers                                       ; On                 ; On                 ;
; Ignore CARRY Buffers                                             ; Off                ; Off                ;
; Ignore CASCADE Buffers                                           ; Off                ; Off                ;
; Ignore GLOBAL Buffers                                            ; Off                ; Off                ;
; Ignore ROW GLOBAL Buffers                                        ; Off                ; Off                ;
; Ignore LCELL Buffers                                             ; Off                ; Off                ;
; Ignore SOFT Buffers                                              ; On                 ; On                 ;
; Limit AHDL Integers to 32 Bits                                   ; Off                ; Off                ;
; Optimization Technique                                           ; Balanced           ; Balanced           ;
; Carry Chain Length                                               ; 70                 ; 70                 ;
; Auto Carry Chains                                                ; On                 ; On                 ;
; Auto Open-Drain Pins                                             ; On                 ; On                 ;
; Perform WYSIWYG Primitive Resynthesis                            ; Off                ; Off                ;
; Auto ROM Replacement                                             ; On                 ; On                 ;
; Auto RAM Replacement                                             ; On                 ; On                 ;
; Auto DSP Block Replacement                                       ; On                 ; On                 ;
; Auto Shift Register Replacement                                  ; Auto               ; Auto               ;
; Allow Shift Register Merging across Hierarchies                  ; Auto               ; Auto               ;
; Auto Clock Enable Replacement                                    ; On                 ; On                 ;
; Strict RAM Replacement                                           ; Off                ; Off                ;
; Allow Synchronous Control Signals                                ; On                 ; On                 ;
; Force Use of Synchronous Clear Signals                           ; Off                ; Off                ;
; Auto RAM Block Balancing                                         ; On                 ; On                 ;
; Auto RAM to Logic Cell Conversion                                ; Off                ; Off                ;
; Auto Resource Sharing                                            ; Off                ; Off                ;
; Allow Any RAM Size For Recognition                               ; Off                ; Off                ;
; Allow Any ROM Size For Recognition                               ; Off                ; Off                ;
; Allow Any Shift Register Size For Recognition                    ; Off                ; Off                ;
; Use LogicLock Constraints during Resource Balancing              ; On                 ; On                 ;
; Ignore translate_off and synthesis_off directives                ; Off                ; Off                ;
; Timing-Driven Synthesis                                          ; On                 ; On                 ;
; Report Parameter Settings                                        ; On                 ; On                 ;
; Report Source Assignments                                        ; On                 ; On                 ;
; Report Connectivity Checks                                       ; On                 ; On                 ;
; Ignore Maximum Fan-Out Assignments                               ; Off                ; Off                ;
; Synchronization Register Chain Length                            ; 2                  ; 2                  ;
; Power Optimization During Synthesis                              ; Normal compilation ; Normal compilation ;
; HDL message level                                                ; Level2             ; Level2             ;
; Suppress Register Optimization Related Messages                  ; Off                ; Off                ;
; Number of Removed Registers Reported in Synthesis Report         ; 5000               ; 5000               ;
; Number of Swept Nodes Reported in Synthesis Report               ; 5000               ; 5000               ;
; Number of Inverted Registers Reported in Synthesis Report        ; 100                ; 100                ;
; Clock MUX Protection                                             ; On                 ; On                 ;
; Auto Gated Clock Conversion                                      ; Off                ; Off                ;
; Block Design Naming                                              ; Auto               ; Auto               ;
; SDC constraint protection                                        ; Off                ; Off                ;
; Synthesis Effort                                                 ; Auto               ; Auto               ;
; Shift Register Replacement - Allow Asynchronous Clear Signal     ; On                 ; On                 ;
; Pre-Mapping Resynthesis Optimization                             ; Off                ; Off                ;
; Analysis & Synthesis Message Level                               ; Medium             ; Medium             ;
; Disable Register Merging Across Hierarchies                      ; Auto               ; Auto               ;
; Resource Aware Inference For Block RAM                           ; On                 ; On                 ;
+------------------------------------------------------------------+--------------------+--------------------+


+------------------------------------------+
; Parallel Compilation                     ;
+----------------------------+-------------+
; Processors                 ; Number      ;
+----------------------------+-------------+
; Number detected on machine ; 12          ;
; Maximum allowed            ; 6           ;
;                            ;             ;
; Average used               ; 1.00        ;
; Maximum used               ; 6           ;
;                            ;             ;
; Usage by Processor         ; % Time Used ;
;     Processor 1            ; 100.0%      ;
;     Processors 2-6         ;   0.0%      ;
+----------------------------+-------------+


+---------------------------------------------------------------------------------------------------------------------------------------------------------------------------------+
; Analysis & Synthesis Source Files Read                                                                                                                                          ;
+----------------------------------+-----------------+------------------------------------------+-----------------------------------------------------------------------+---------+
; File Name with User-Entered Path ; Used in Netlist ; File Type                                ; File Name with Absolute Path                                          ; Library ;
+----------------------------------+-----------------+------------------------------------------+-----------------------------------------------------------------------+---------+
; registerfile.v                   ; yes             ; User Verilog HDL File                    ; C:/Users/Amber Chin/Documents/CPR E 281 Lab 12/registerfile.v         ;         ;
; decoder2to4.v                    ; yes             ; Auto-Found Verilog HDL File              ; C:/Users/Amber Chin/Documents/CPR E 281 Lab 12/decoder2to4.v          ;         ;
; registerrr.bdf                   ; yes             ; Auto-Found Block Diagram/Schematic File  ; C:/Users/Amber Chin/Documents/CPR E 281 Lab 12/registerrr.bdf         ;         ;
; register.bdf                     ; yes             ; Auto-Found Block Diagram/Schematic File  ; C:/Users/Amber Chin/Documents/CPR E 281 Lab 12/register.bdf           ;         ;
; busmux.tdf                       ; yes             ; Megafunction                             ; c:/intelfpga_lite/18.1/quartus/libraries/megafunctions/busmux.tdf     ;         ;
; lpm_mux.inc                      ; yes             ; Megafunction                             ; c:/intelfpga_lite/18.1/quartus/libraries/megafunctions/lpm_mux.inc    ;         ;
; lpm_mux.tdf                      ; yes             ; Megafunction                             ; c:/intelfpga_lite/18.1/quartus/libraries/megafunctions/lpm_mux.tdf    ;         ;
; aglobal181.inc                   ; yes             ; Megafunction                             ; c:/intelfpga_lite/18.1/quartus/libraries/megafunctions/aglobal181.inc ;         ;
; muxlut.inc                       ; yes             ; Megafunction                             ; c:/intelfpga_lite/18.1/quartus/libraries/megafunctions/muxlut.inc     ;         ;
; bypassff.inc                     ; yes             ; Megafunction                             ; c:/intelfpga_lite/18.1/quartus/libraries/megafunctions/bypassff.inc   ;         ;
; altshift.inc                     ; yes             ; Megafunction                             ; c:/intelfpga_lite/18.1/quartus/libraries/megafunctions/altshift.inc   ;         ;
; db/mux_7rc.tdf                   ; yes             ; Auto-Generated Megafunction              ; C:/Users/Amber Chin/Documents/CPR E 281 Lab 12/db/mux_7rc.tdf         ;         ;
; mux4to1.v                        ; yes             ; Auto-Found Verilog HDL File              ; C:/Users/Amber Chin/Documents/CPR E 281 Lab 12/mux4to1.v              ;         ;
+----------------------------------+-----------------+------------------------------------------+-----------------------------------------------------------------------+---------+


+---------------------------------------------------------+
; Analysis & Synthesis Resource Usage Summary             ;
+---------------------------------------------+-----------+
; Resource                                    ; Usage     ;
+---------------------------------------------+-----------+
; Estimated Total logic elements              ; 10        ;
;                                             ;           ;
; Total combinational functions               ; 10        ;
; Logic element usage by number of LUT inputs ;           ;
;     -- 4 input functions                    ; 8         ;
;     -- 3 input functions                    ; 2         ;
;     -- <=2 input functions                  ; 0         ;
;                                             ;           ;
; Logic elements by mode                      ;           ;
;     -- normal mode                          ; 10        ;
;     -- arithmetic mode                      ; 0         ;
;                                             ;           ;
; Total registers                             ; 4         ;
;     -- Dedicated logic registers            ; 4         ;
;     -- I/O registers                        ; 0         ;
;                                             ;           ;
; I/O pins                                    ; 22        ;
;                                             ;           ;
; Embedded Multiplier 9-bit elements          ; 0         ;
;                                             ;           ;
; Maximum fan-out node                        ; WA0~input ;
; Maximum fan-out                             ; 6         ;
; Total fan-out                               ; 74        ;
; Average fan-out                             ; 1.28      ;
+---------------------------------------------+-----------+


+----------------------------------------------------------------------------------------------------------------------------------------------------------------------------------------------------------------------------------------+
; Analysis & Synthesis Resource Utilization by Entity                                                                                                                                                                                    ;
+-----------------------------+---------------------+---------------------------+-------------+--------------+---------+-----------+------+--------------+-------------------------------------------------+--------------+--------------+
; Compilation Hierarchy Node  ; Combinational ALUTs ; Dedicated Logic Registers ; Memory Bits ; DSP Elements ; DSP 9x9 ; DSP 18x18 ; Pins ; Virtual Pins ; Full Hierarchy Name                             ; Entity Name  ; Library Name ;
+-----------------------------+---------------------+---------------------------+-------------+--------------+---------+-----------+------+--------------+-------------------------------------------------+--------------+--------------+
; |registerfile               ; 10 (0)              ; 4 (0)                     ; 0           ; 0            ; 0       ; 0         ; 22   ; 0            ; |registerfile                                   ; registerfile ; work         ;
;    |Decoder2to4:my_decoder| ; 2 (2)               ; 0 (0)                     ; 0           ; 0            ; 0       ; 0         ; 0    ; 0            ; |registerfile|Decoder2to4:my_decoder            ; Decoder2to4  ; work         ;
;    |mux4to1:my_muxP|        ; 2 (2)               ; 0 (0)                     ; 0           ; 0            ; 0       ; 0         ; 0    ; 0            ; |registerfile|mux4to1:my_muxP                   ; mux4to1      ; work         ;
;    |mux4to1:my_muxQ|        ; 2 (2)               ; 0 (0)                     ; 0           ; 0            ; 0       ; 0         ; 0    ; 0            ; |registerfile|mux4to1:my_muxQ                   ; mux4to1      ; work         ;
;    |registerrr:my_reg0|     ; 1 (0)               ; 1 (0)                     ; 0           ; 0            ; 0       ; 0         ; 0    ; 0            ; |registerfile|registerrr:my_reg0                ; registerrr   ; work         ;
;       |register:inst4|      ; 1 (1)               ; 1 (1)                     ; 0           ; 0            ; 0       ; 0         ; 0    ; 0            ; |registerfile|registerrr:my_reg0|register:inst4 ; register     ; work         ;
;    |registerrr:my_reg1|     ; 1 (0)               ; 1 (0)                     ; 0           ; 0            ; 0       ; 0         ; 0    ; 0            ; |registerfile|registerrr:my_reg1                ; registerrr   ; work         ;
;       |register:inst4|      ; 1 (1)               ; 1 (1)                     ; 0           ; 0            ; 0       ; 0         ; 0    ; 0            ; |registerfile|registerrr:my_reg1|register:inst4 ; register     ; work         ;
;    |registerrr:my_reg2|     ; 1 (0)               ; 1 (0)                     ; 0           ; 0            ; 0       ; 0         ; 0    ; 0            ; |registerfile|registerrr:my_reg2                ; registerrr   ; work         ;
;       |register:inst4|      ; 1 (1)               ; 1 (1)                     ; 0           ; 0            ; 0       ; 0         ; 0    ; 0            ; |registerfile|registerrr:my_reg2|register:inst4 ; register     ; work         ;
;    |registerrr:my_reg3|     ; 1 (0)               ; 1 (0)                     ; 0           ; 0            ; 0       ; 0         ; 0    ; 0            ; |registerfile|registerrr:my_reg3                ; registerrr   ; work         ;
;       |register:inst4|      ; 1 (1)               ; 1 (1)                     ; 0           ; 0            ; 0       ; 0         ; 0    ; 0            ; |registerfile|registerrr:my_reg3|register:inst4 ; register     ; work         ;
+-----------------------------+---------------------+---------------------------+-------------+--------------+---------+-----------+------+--------------+-------------------------------------------------+--------------+--------------+
Note: For table entries with two numbers listed, the numbers in parentheses indicate the number of resources of the given type used by the specific entity alone. The numbers listed outside of parentheses indicate the total resources of the given type used by the specific entity and all of its sub-entities in the hierarchy.


+------------------------------------------------------+
; General Register Statistics                          ;
+----------------------------------------------+-------+
; Statistic                                    ; Value ;
+----------------------------------------------+-------+
; Total registers                              ; 4     ;
; Number of registers using Synchronous Clear  ; 0     ;
; Number of registers using Synchronous Load   ; 0     ;
; Number of registers using Asynchronous Clear ; 4     ;
; Number of registers using Asynchronous Load  ; 0     ;
; Number of registers using Clock Enable       ; 0     ;
; Number of registers using Preset             ; 0     ;
+----------------------------------------------+-------+


+-------------------------------------------------------------------------------------------+
; Parameter Settings for User Entity Instance: registerrr:my_reg0|register:inst|BUSMUX:inst ;
+----------------+-------+------------------------------------------------------------------+
; Parameter Name ; Value ; Type                                                             ;
+----------------+-------+------------------------------------------------------------------+
; WIDTH          ; 1     ; Untyped                                                          ;
+----------------+-------+------------------------------------------------------------------+
Note: In order to hide this table in the UI and the text report file, please set the "Show Parameter Settings in Synthesis Report" option in "Analysis and Synthesis Settings -> More Settings" to "Off".


+--------------------------------------------------------------------------------------------+
; Parameter Settings for User Entity Instance: registerrr:my_reg0|register:inst2|BUSMUX:inst ;
+----------------+-------+-------------------------------------------------------------------+
; Parameter Name ; Value ; Type                                                              ;
+----------------+-------+-------------------------------------------------------------------+
; WIDTH          ; 1     ; Untyped                                                           ;
+----------------+-------+-------------------------------------------------------------------+
Note: In order to hide this table in the UI and the text report file, please set the "Show Parameter Settings in Synthesis Report" option in "Analysis and Synthesis Settings -> More Settings" to "Off".


+--------------------------------------------------------------------------------------------+
; Parameter Settings for User Entity Instance: registerrr:my_reg0|register:inst3|BUSMUX:inst ;
+----------------+-------+-------------------------------------------------------------------+
; Parameter Name ; Value ; Type                                                              ;
+----------------+-------+-------------------------------------------------------------------+
; WIDTH          ; 1     ; Untyped                                                           ;
+----------------+-------+-------------------------------------------------------------------+
Note: In order to hide this table in the UI and the text report file, please set the "Show Parameter Settings in Synthesis Report" option in "Analysis and Synthesis Settings -> More Settings" to "Off".


+--------------------------------------------------------------------------------------------+
; Parameter Settings for User Entity Instance: registerrr:my_reg0|register:inst4|BUSMUX:inst ;
+----------------+-------+-------------------------------------------------------------------+
; Parameter Name ; Value ; Type                                                              ;
+----------------+-------+-------------------------------------------------------------------+
; WIDTH          ; 1     ; Untyped                                                           ;
+----------------+-------+-------------------------------------------------------------------+
Note: In order to hide this table in the UI and the text report file, please set the "Show Parameter Settings in Synthesis Report" option in "Analysis and Synthesis Settings -> More Settings" to "Off".


+-------------------------------------------------------------------------------------------+
; Parameter Settings for User Entity Instance: registerrr:my_reg1|register:inst|BUSMUX:inst ;
+----------------+-------+------------------------------------------------------------------+
; Parameter Name ; Value ; Type                                                             ;
+----------------+-------+------------------------------------------------------------------+
; WIDTH          ; 1     ; Untyped                                                          ;
+----------------+-------+------------------------------------------------------------------+
Note: In order to hide this table in the UI and the text report file, please set the "Show Parameter Settings in Synthesis Report" option in "Analysis and Synthesis Settings -> More Settings" to "Off".


+--------------------------------------------------------------------------------------------+
; Parameter Settings for User Entity Instance: registerrr:my_reg1|register:inst2|BUSMUX:inst ;
+----------------+-------+-------------------------------------------------------------------+
; Parameter Name ; Value ; Type                                                              ;
+----------------+-------+-------------------------------------------------------------------+
; WIDTH          ; 1     ; Untyped                                                           ;
+----------------+-------+-------------------------------------------------------------------+
Note: In order to hide this table in the UI and the text report file, please set the "Show Parameter Settings in Synthesis Report" option in "Analysis and Synthesis Settings -> More Settings" to "Off".


+--------------------------------------------------------------------------------------------+
; Parameter Settings for User Entity Instance: registerrr:my_reg1|register:inst3|BUSMUX:inst ;
+----------------+-------+-------------------------------------------------------------------+
; Parameter Name ; Value ; Type                                                              ;
+----------------+-------+-------------------------------------------------------------------+
; WIDTH          ; 1     ; Untyped                                                           ;
+----------------+-------+-------------------------------------------------------------------+
Note: In order to hide this table in the UI and the text report file, please set the "Show Parameter Settings in Synthesis Report" option in "Analysis and Synthesis Settings -> More Settings" to "Off".


+--------------------------------------------------------------------------------------------+
; Parameter Settings for User Entity Instance: registerrr:my_reg1|register:inst4|BUSMUX:inst ;
+----------------+-------+-------------------------------------------------------------------+
; Parameter Name ; Value ; Type                                                              ;
+----------------+-------+-------------------------------------------------------------------+
; WIDTH          ; 1     ; Untyped                                                           ;
+----------------+-------+-------------------------------------------------------------------+
Note: In order to hide this table in the UI and the text report file, please set the "Show Parameter Settings in Synthesis Report" option in "Analysis and Synthesis Settings -> More Settings" to "Off".


+-------------------------------------------------------------------------------------------+
; Parameter Settings for User Entity Instance: registerrr:my_reg2|register:inst|BUSMUX:inst ;
+----------------+-------+------------------------------------------------------------------+
; Parameter Name ; Value ; Type                                                             ;
+----------------+-------+------------------------------------------------------------------+
; WIDTH          ; 1     ; Untyped                                                          ;
+----------------+-------+------------------------------------------------------------------+
Note: In order to hide this table in the UI and the text report file, please set the "Show Parameter Settings in Synthesis Report" option in "Analysis and Synthesis Settings -> More Settings" to "Off".


+--------------------------------------------------------------------------------------------+
; Parameter Settings for User Entity Instance: registerrr:my_reg2|register:inst2|BUSMUX:inst ;
+----------------+-------+-------------------------------------------------------------------+
; Parameter Name ; Value ; Type                                                              ;
+----------------+-------+-------------------------------------------------------------------+
; WIDTH          ; 1     ; Untyped                                                           ;
+----------------+-------+-------------------------------------------------------------------+
Note: In order to hide this table in the UI and the text report file, please set the "Show Parameter Settings in Synthesis Report" option in "Analysis and Synthesis Settings -> More Settings" to "Off".


+--------------------------------------------------------------------------------------------+
; Parameter Settings for User Entity Instance: registerrr:my_reg2|register:inst3|BUSMUX:inst ;
+----------------+-------+-------------------------------------------------------------------+
; Parameter Name ; Value ; Type                                                              ;
+----------------+-------+-------------------------------------------------------------------+
; WIDTH          ; 1     ; Untyped                                                           ;
+----------------+-------+-------------------------------------------------------------------+
Note: In order to hide this table in the UI and the text report file, please set the "Show Parameter Settings in Synthesis Report" option in "Analysis and Synthesis Settings -> More Settings" to "Off".


+--------------------------------------------------------------------------------------------+
; Parameter Settings for User Entity Instance: registerrr:my_reg2|register:inst4|BUSMUX:inst ;
+----------------+-------+-------------------------------------------------------------------+
; Parameter Name ; Value ; Type                                                              ;
+----------------+-------+-------------------------------------------------------------------+
; WIDTH          ; 1     ; Untyped                                                           ;
+----------------+-------+-------------------------------------------------------------------+
Note: In order to hide this table in the UI and the text report file, please set the "Show Parameter Settings in Synthesis Report" option in "Analysis and Synthesis Settings -> More Settings" to "Off".


+-------------------------------------------------------------------------------------------+
; Parameter Settings for User Entity Instance: registerrr:my_reg3|register:inst|BUSMUX:inst ;
+----------------+-------+------------------------------------------------------------------+
; Parameter Name ; Value ; Type                                                             ;
+----------------+-------+------------------------------------------------------------------+
; WIDTH          ; 1     ; Untyped                                                          ;
+----------------+-------+------------------------------------------------------------------+
Note: In order to hide this table in the UI and the text report file, please set the "Show Parameter Settings in Synthesis Report" option in "Analysis and Synthesis Settings -> More Settings" to "Off".


+--------------------------------------------------------------------------------------------+
; Parameter Settings for User Entity Instance: registerrr:my_reg3|register:inst2|BUSMUX:inst ;
+----------------+-------+-------------------------------------------------------------------+
; Parameter Name ; Value ; Type                                                              ;
+----------------+-------+-------------------------------------------------------------------+
; WIDTH          ; 1     ; Untyped                                                           ;
+----------------+-------+-------------------------------------------------------------------+
Note: In order to hide this table in the UI and the text report file, please set the "Show Parameter Settings in Synthesis Report" option in "Analysis and Synthesis Settings -> More Settings" to "Off".


+--------------------------------------------------------------------------------------------+
; Parameter Settings for User Entity Instance: registerrr:my_reg3|register:inst3|BUSMUX:inst ;
+----------------+-------+-------------------------------------------------------------------+
; Parameter Name ; Value ; Type                                                              ;
+----------------+-------+-------------------------------------------------------------------+
; WIDTH          ; 1     ; Untyped                                                           ;
+----------------+-------+-------------------------------------------------------------------+
Note: In order to hide this table in the UI and the text report file, please set the "Show Parameter Settings in Synthesis Report" option in "Analysis and Synthesis Settings -> More Settings" to "Off".


+--------------------------------------------------------------------------------------------+
; Parameter Settings for User Entity Instance: registerrr:my_reg3|register:inst4|BUSMUX:inst ;
+----------------+-------+-------------------------------------------------------------------+
; Parameter Name ; Value ; Type                                                              ;
+----------------+-------+-------------------------------------------------------------------+
; WIDTH          ; 1     ; Untyped                                                           ;
+----------------+-------+-------------------------------------------------------------------+
Note: In order to hide this table in the UI and the text report file, please set the "Show Parameter Settings in Synthesis Report" option in "Analysis and Synthesis Settings -> More Settings" to "Off".


+-------------------------------------------------------------------------------------------------------------------------------------------------------------------------------------------------------------+
; Port Connectivity Checks: "mux4to1:my_muxQ"                                                                                                                                                                 ;
+------+--------+----------+----------------------------------------------------------------------------------------------------------------------------------------------------------------------------------+
; Port ; Type   ; Severity ; Details                                                                                                                                                                          ;
+------+--------+----------+----------------------------------------------------------------------------------------------------------------------------------------------------------------------------------+
; W0   ; Input  ; Warning  ; Input port expression (4 bits) is wider than the input port (1 bits) it drives.  The 3 most-significant bit(s) in the expression will be dangling if they have no other fanouts. ;
; W1   ; Input  ; Warning  ; Input port expression (4 bits) is wider than the input port (1 bits) it drives.  The 3 most-significant bit(s) in the expression will be dangling if they have no other fanouts. ;
; W2   ; Input  ; Warning  ; Input port expression (4 bits) is wider than the input port (1 bits) it drives.  The 3 most-significant bit(s) in the expression will be dangling if they have no other fanouts. ;
; W3   ; Input  ; Warning  ; Input port expression (4 bits) is wider than the input port (1 bits) it drives.  The 3 most-significant bit(s) in the expression will be dangling if they have no other fanouts. ;
; F    ; Output ; Warning  ; Output or bidir port (1 bits) is smaller than the port expression (4 bits) it drives.  The 3 most-significant bit(s) in the port expression will be connected to GND.            ;
+------+--------+----------+----------------------------------------------------------------------------------------------------------------------------------------------------------------------------------+


+-------------------------------------------------------------------------------------------------------------------------------------------------------------------------------------------------------------+
; Port Connectivity Checks: "mux4to1:my_muxP"                                                                                                                                                                 ;
+------+--------+----------+----------------------------------------------------------------------------------------------------------------------------------------------------------------------------------+
; Port ; Type   ; Severity ; Details                                                                                                                                                                          ;
+------+--------+----------+----------------------------------------------------------------------------------------------------------------------------------------------------------------------------------+
; W0   ; Input  ; Warning  ; Input port expression (4 bits) is wider than the input port (1 bits) it drives.  The 3 most-significant bit(s) in the expression will be dangling if they have no other fanouts. ;
; W1   ; Input  ; Warning  ; Input port expression (4 bits) is wider than the input port (1 bits) it drives.  The 3 most-significant bit(s) in the expression will be dangling if they have no other fanouts. ;
; W2   ; Input  ; Warning  ; Input port expression (4 bits) is wider than the input port (1 bits) it drives.  The 3 most-significant bit(s) in the expression will be dangling if they have no other fanouts. ;
; W3   ; Input  ; Warning  ; Input port expression (4 bits) is wider than the input port (1 bits) it drives.  The 3 most-significant bit(s) in the expression will be dangling if they have no other fanouts. ;
; F    ; Output ; Warning  ; Output or bidir port (1 bits) is smaller than the port expression (4 bits) it drives.  The 3 most-significant bit(s) in the port expression will be connected to GND.            ;
+------+--------+----------+----------------------------------------------------------------------------------------------------------------------------------------------------------------------------------+


+--------------------------------------------------------------------------------------------------------------------------------------------------------------------------------------------------+
; Port Connectivity Checks: "Decoder2to4:my_decoder"                                                                                                                                               ;
+------+--------+----------+-----------------------------------------------------------------------------------------------------------------------------------------------------------------------+
; Port ; Type   ; Severity ; Details                                                                                                                                                               ;
+------+--------+----------+-----------------------------------------------------------------------------------------------------------------------------------------------------------------------+
; Y0   ; Output ; Warning  ; Output or bidir port (1 bits) is smaller than the port expression (4 bits) it drives.  The 3 most-significant bit(s) in the port expression will be connected to GND. ;
; Y1   ; Output ; Warning  ; Output or bidir port (1 bits) is smaller than the port expression (4 bits) it drives.  The 3 most-significant bit(s) in the port expression will be connected to GND. ;
; Y2   ; Output ; Warning  ; Output or bidir port (1 bits) is smaller than the port expression (4 bits) it drives.  The 3 most-significant bit(s) in the port expression will be connected to GND. ;
; Y3   ; Output ; Warning  ; Output or bidir port (1 bits) is smaller than the port expression (4 bits) it drives.  The 3 most-significant bit(s) in the port expression will be connected to GND. ;
+------+--------+----------+-----------------------------------------------------------------------------------------------------------------------------------------------------------------------+


+-----------------------------------------------------+
; Post-Synthesis Netlist Statistics for Top Partition ;
+-----------------------+-----------------------------+
; Type                  ; Count                       ;
+-----------------------+-----------------------------+
; boundary_port         ; 22                          ;
; cycloneiii_ff         ; 4                           ;
;     CLR               ; 4                           ;
; cycloneiii_lcell_comb ; 11                          ;
;     normal            ; 11                          ;
;         0 data inputs ; 1                           ;
;         3 data inputs ; 2                           ;
;         4 data inputs ; 8                           ;
;                       ;                             ;
; Max LUT depth         ; 3.00                        ;
; Average LUT depth     ; 1.88                        ;
+-----------------------+-----------------------------+


+-------------------------------+
; Elapsed Time Per Partition    ;
+----------------+--------------+
; Partition Name ; Elapsed Time ;
+----------------+--------------+
; Top            ; 00:00:01     ;
+----------------+--------------+


+-------------------------------+
; Analysis & Synthesis Messages ;
+-------------------------------+
Info: *******************************************************************
Info: Running Quartus Prime Analysis & Synthesis
    Info: Version 18.1.0 Build 625 09/12/2018 SJ Lite Edition
    Info: Processing started: Sun Dec 02 20:02:52 2018
Info: Command: quartus_map --read_settings_files=on --write_settings_files=off registerfile -c registerfile
Warning (18236): Number of processors has not been specified which may cause overloading on shared machines.  Set the global assignment NUM_PARALLEL_PROCESSORS in your QSF to an appropriate value for best performance.
Info (20030): Parallel compilation is enabled and will use 6 of the 6 processors detected
Info (12021): Found 1 design units, including 1 entities, in source file registerfile.v
    Info (12023): Found entity 1: registerfile File: C:/Users/Amber Chin/Documents/CPR E 281 Lab 12/registerfile.v Line: 1
Info (12127): Elaborating entity "registerfile" for the top level hierarchy
Warning (12125): Using design file decoder2to4.v, which is not specified as a design file for the current project, but contains definitions for 1 design units and 1 entities in project
    Info (12023): Found entity 1: Decoder2to4 File: C:/Users/Amber Chin/Documents/CPR E 281 Lab 12/decoder2to4.v Line: 1
Info (12128): Elaborating entity "Decoder2to4" for hierarchy "Decoder2to4:my_decoder" File: C:/Users/Amber Chin/Documents/CPR E 281 Lab 12/registerfile.v Line: 17
Warning (12125): Using design file registerrr.bdf, which is not specified as a design file for the current project, but contains definitions for 1 design units and 1 entities in project
    Info (12023): Found entity 1: registerrr
Info (12128): Elaborating entity "registerrr" for hierarchy "registerrr:my_reg0" File: C:/Users/Amber Chin/Documents/CPR E 281 Lab 12/registerfile.v Line: 24
Warning (12125): Using design file register.bdf, which is not specified as a design file for the current project, but contains definitions for 1 design units and 1 entities in project
    Info (12023): Found entity 1: register
Info (12128): Elaborating entity "register" for hierarchy "registerrr:my_reg0|register:inst"
Info (12128): Elaborating entity "BUSMUX" for hierarchy "registerrr:my_reg0|register:inst|BUSMUX:inst"
Info (12130): Elaborated megafunction instantiation "registerrr:my_reg0|register:inst|BUSMUX:inst"
Info (12133): Instantiated megafunction "registerrr:my_reg0|register:inst|BUSMUX:inst" with the following parameter:
    Info (12134): Parameter "WIDTH" = "1"
Info (12128): Elaborating entity "lpm_mux" for hierarchy "registerrr:my_reg0|register:inst|BUSMUX:inst|lpm_mux:$00000" File: c:/intelfpga_lite/18.1/quartus/libraries/megafunctions/busmux.tdf Line: 43
Info (12131): Elaborated megafunction instantiation "registerrr:my_reg0|register:inst|BUSMUX:inst|lpm_mux:$00000", which is child of megafunction instantiation "registerrr:my_reg0|register:inst|BUSMUX:inst" File: c:/intelfpga_lite/18.1/quartus/libraries/megafunctions/busmux.tdf Line: 43
Info (12021): Found 1 design units, including 1 entities, in source file db/mux_7rc.tdf
    Info (12023): Found entity 1: mux_7rc File: C:/Users/Amber Chin/Documents/CPR E 281 Lab 12/db/mux_7rc.tdf Line: 22
Info (12128): Elaborating entity "mux_7rc" for hierarchy "registerrr:my_reg0|register:inst|BUSMUX:inst|lpm_mux:$00000|mux_7rc:auto_generated" File: c:/intelfpga_lite/18.1/quartus/libraries/megafunctions/lpm_mux.tdf Line: 86
Warning (12125): Using design file mux4to1.v, which is not specified as a design file for the current project, but contains definitions for 1 design units and 1 entities in project
    Info (12023): Found entity 1: mux4to1 File: C:/Users/Amber Chin/Documents/CPR E 281 Lab 12/mux4to1.v Line: 1
Info (12128): Elaborating entity "mux4to1" for hierarchy "mux4to1:my_muxP" File: C:/Users/Amber Chin/Documents/CPR E 281 Lab 12/registerfile.v Line: 30
Warning (12020): Port "Load" on the entity instantiation of "my_reg3" is connected to a signal of width 4. The formal width of the signal in the module is 1.  The extra bits will be ignored. File: C:/Users/Amber Chin/Documents/CPR E 281 Lab 12/registerfile.v Line: 27
Warning (12020): Port "Load" on the entity instantiation of "my_reg2" is connected to a signal of width 4. The formal width of the signal in the module is 1.  The extra bits will be ignored. File: C:/Users/Amber Chin/Documents/CPR E 281 Lab 12/registerfile.v Line: 26
Warning (12020): Port "Load" on the entity instantiation of "my_reg1" is connected to a signal of width 4. The formal width of the signal in the module is 1.  The extra bits will be ignored. File: C:/Users/Amber Chin/Documents/CPR E 281 Lab 12/registerfile.v Line: 25
Warning (12020): Port "Load" on the entity instantiation of "my_reg0" is connected to a signal of width 4. The formal width of the signal in the module is 1.  The extra bits will be ignored. File: C:/Users/Amber Chin/Documents/CPR E 281 Lab 12/registerfile.v Line: 24
Warning (12011): Net is missing source, defaulting to GND
    Warning (12110): Net "Y0[3]" is missing source, defaulting to GND File: C:/Users/Amber Chin/Documents/CPR E 281 Lab 12/registerfile.v Line: 15
    Warning (12110): Net "Y0[2]" is missing source, defaulting to GND File: C:/Users/Amber Chin/Documents/CPR E 281 Lab 12/registerfile.v Line: 15
    Warning (12110): Net "Y0[1]" is missing source, defaulting to GND File: C:/Users/Amber Chin/Documents/CPR E 281 Lab 12/registerfile.v Line: 15
    Warning (12110): Net "Y1[3]" is missing source, defaulting to GND File: C:/Users/Amber Chin/Documents/CPR E 281 Lab 12/registerfile.v Line: 15
    Warning (12110): Net "Y1[2]" is missing source, defaulting to GND File: C:/Users/Amber Chin/Documents/CPR E 281 Lab 12/registerfile.v Line: 15
    Warning (12110): Net "Y1[1]" is missing source, defaulting to GND File: C:/Users/Amber Chin/Documents/CPR E 281 Lab 12/registerfile.v Line: 15
    Warning (12110): Net "Y2[3]" is missing source, defaulting to GND File: C:/Users/Amber Chin/Documents/CPR E 281 Lab 12/registerfile.v Line: 15
    Warning (12110): Net "Y2[2]" is missing source, defaulting to GND File: C:/Users/Amber Chin/Documents/CPR E 281 Lab 12/registerfile.v Line: 15
    Warning (12110): Net "Y2[1]" is missing source, defaulting to GND File: C:/Users/Amber Chin/Documents/CPR E 281 Lab 12/registerfile.v Line: 15
    Warning (12110): Net "Y3[3]" is missing source, defaulting to GND File: C:/Users/Amber Chin/Documents/CPR E 281 Lab 12/registerfile.v Line: 15
    Warning (12110): Net "Y3[2]" is missing source, defaulting to GND File: C:/Users/Amber Chin/Documents/CPR E 281 Lab 12/registerfile.v Line: 15
    Warning (12110): Net "Y3[1]" is missing source, defaulting to GND File: C:/Users/Amber Chin/Documents/CPR E 281 Lab 12/registerfile.v Line: 15
Warning (12241): 3 hierarchies have connectivity warnings - see the Connectivity Checks report folder
Warning (13024): Output pins are stuck at VCC or GND
    Warning (13410): Pin "DATAP3" is stuck at GND File: C:/Users/Amber Chin/Documents/CPR E 281 Lab 12/registerfile.v Line: 10
    Warning (13410): Pin "DATAP2" is stuck at GND File: C:/Users/Amber Chin/Documents/CPR E 281 Lab 12/registerfile.v Line: 10
    Warning (13410): Pin "DATAP1" is stuck at GND File: C:/Users/Amber Chin/Documents/CPR E 281 Lab 12/registerfile.v Line: 10
    Warning (13410): Pin "DATAQ3" is stuck at GND File: C:/Users/Amber Chin/Documents/CPR E 281 Lab 12/registerfile.v Line: 10
    Warning (13410): Pin "DATAQ2" is stuck at GND File: C:/Users/Amber Chin/Documents/CPR E 281 Lab 12/registerfile.v Line: 10
    Warning (13410): Pin "DATAQ1" is stuck at GND File: C:/Users/Amber Chin/Documents/CPR E 281 Lab 12/registerfile.v Line: 10
Info (286030): Timing-Driven Synthesis is running
Info (16010): Generating hard_block partition "hard_block:auto_generated_inst"
    Info (16011): Adding 0 node(s), including 0 DDIO, 0 PLL, 0 transceiver and 0 LCELL
Warning (21074): Design contains 3 input pin(s) that do not drive logic
    Warning (15610): No output dependent on input pin "LD_DATA[1]" File: C:/Users/Amber Chin/Documents/CPR E 281 Lab 12/registerfile.v Line: 7
    Warning (15610): No output dependent on input pin "LD_DATA[2]" File: C:/Users/Amber Chin/Documents/CPR E 281 Lab 12/registerfile.v Line: 7
    Warning (15610): No output dependent on input pin "LD_DATA[3]" File: C:/Users/Amber Chin/Documents/CPR E 281 Lab 12/registerfile.v Line: 7
Info (21057): Implemented 32 device resources after synthesis - the final resource count might be different
    Info (21058): Implemented 14 input pins
    Info (21059): Implemented 8 output pins
    Info (21061): Implemented 10 logic cells
Info: Quartus Prime Analysis & Synthesis was successful. 0 errors, 34 warnings
    Info: Peak virtual memory: 4817 megabytes
    Info: Processing ended: Sun Dec 02 20:03:08 2018
    Info: Elapsed time: 00:00:16
    Info: Total CPU time (on all processors): 00:00:31


