Flow report for lab8step2
Mon Apr  1 15:10:10 2024
Quartus Prime Version 22.1std.1 Build 917 02/14/2023 SC Standard Edition


---------------------
; Table of Contents ;
---------------------
  1. Legal Notice
  2. Flow Summary
  3. Flow Settings
  4. Flow Non-Default Global Settings
  5. Flow Elapsed Time
  6. Flow OS Summary
  7. Flow Log
  8. Flow Messages
  9. Flow Suppressed Messages



----------------
; Legal Notice ;
----------------
Copyright (C) 2023  Intel Corporation. All rights reserved.
Your use of Intel Corporation's design tools, logic functions 
and other software and tools, and any partner logic 
functions, and any output files from any of the foregoing 
(including device programming or simulation files), and any 
associated documentation or information are expressly subject 
to the terms and conditions of the Intel Program License 
Subscription Agreement, the Intel Quartus Prime License Agreement,
the Intel FPGA IP License Agreement, or other applicable license
agreement, including, without limitation, that your use is for
the sole purpose of programming logic devices manufactured by
Intel and sold by Intel or its authorized distributors.  Please
refer to the applicable agreement for further details, at
https://fpgasoftware.intel.com/eula.



+-----------------------------------------------------------------------------------------+
; Flow Summary                                                                            ;
+------------------------------------+----------------------------------------------------+
; Flow Status                        ; Successful - Mon Apr  1 15:10:07 2024              ;
; Quartus Prime Version              ; 22.1std.1 Build 917 02/14/2023 SC Standard Edition ;
; Revision Name                      ; lab8step2                                          ;
; Top-level Entity Name              ; lab8step2                                          ;
; Family                             ; Cyclone IV E                                       ;
; Total logic elements               ; 10 / 6,272 ( < 1 % )                               ;
;     Total combinational functions  ; 10 / 6,272 ( < 1 % )                               ;
;     Dedicated logic registers      ; 0 / 6,272 ( 0 % )                                  ;
; Total registers                    ; 0                                                  ;
; Total pins                         ; 13 / 92 ( 14 % )                                   ;
; Total virtual pins                 ; 0                                                  ;
; Total memory bits                  ; 0 / 276,480 ( 0 % )                                ;
; Embedded Multiplier 9-bit elements ; 0 / 30 ( 0 % )                                     ;
; Total PLLs                         ; 0 / 2 ( 0 % )                                      ;
; Device                             ; EP4CE6E22C6                                        ;
; Timing Models                      ; Final                                              ;
+------------------------------------+----------------------------------------------------+


+-----------------------------------------+
; Flow Settings                           ;
+-------------------+---------------------+
; Option            ; Setting             ;
+-------------------+---------------------+
; Start date & time ; 04/01/2024 15:08:28 ;
; Main task         ; Compilation         ;
; Revision Name     ; lab8step2           ;
+-------------------+---------------------+


+-------------------------------------------------------------------------------------------------------------------------+
; Flow Non-Default Global Settings                                                                                        ;
+-------------------------------------+----------------------------------------+---------------+-------------+------------+
; Assignment Name                     ; Value                                  ; Default Value ; Entity Name ; Section Id ;
+-------------------------------------+----------------------------------------+---------------+-------------+------------+
; COMPILER_SIGNATURE_ID               ; 194042950817345.171200210805128        ; --            ; --          ; --         ;
; PARTITION_COLOR                     ; -- (Not supported for targeted family) ; --            ; --          ; Top        ;
; PARTITION_FITTER_PRESERVATION_LEVEL ; -- (Not supported for targeted family) ; --            ; --          ; Top        ;
; PARTITION_NETLIST_TYPE              ; -- (Not supported for targeted family) ; --            ; --          ; Top        ;
; PROJECT_OUTPUT_DIRECTORY            ; output_files                           ; --            ; --          ; --         ;
+-------------------------------------+----------------------------------------+---------------+-------------+------------+


+--------------------------------------------------------------------------------------------------------------------------+
; Flow Elapsed Time                                                                                                        ;
+----------------------+--------------+-------------------------+---------------------+------------------------------------+
; Module Name          ; Elapsed Time ; Average Processors Used ; Peak Virtual Memory ; Total CPU Time (on all processors) ;
+----------------------+--------------+-------------------------+---------------------+------------------------------------+
; Analysis & Synthesis ; 00:00:08     ; 1.0                     ; 4806 MB             ; 00:00:07                           ;
; Fitter               ; 00:00:42     ; 1.0                     ; 5887 MB             ; 00:00:01                           ;
; Assembler            ; 00:00:01     ; 1.0                     ; 4711 MB             ; 00:00:00                           ;
; Timing Analyzer      ; 00:00:02     ; 1.0                     ; 4819 MB             ; 00:00:01                           ;
; Total                ; 00:00:53     ; --                      ; --                  ; 00:00:09                           ;
+----------------------+--------------+-------------------------+---------------------+------------------------------------+


+------------------------------------------------------------------------------------+
; Flow OS Summary                                                                    ;
+----------------------+------------------+------------+------------+----------------+
; Module Name          ; Machine Hostname ; OS Name    ; OS Version ; Processor type ;
+----------------------+------------------+------------+------------+----------------+
; Analysis & Synthesis ; CO2042-16        ; Windows 10 ; 10.0       ; x86_64         ;
; Fitter               ; CO2042-16        ; Windows 10 ; 10.0       ; x86_64         ;
; Assembler            ; CO2042-16        ; Windows 10 ; 10.0       ; x86_64         ;
; Timing Analyzer      ; CO2042-16        ; Windows 10 ; 10.0       ; x86_64         ;
+----------------------+------------------+------------+------------+----------------+


------------
; Flow Log ;
------------
quartus_map --read_settings_files=on --write_settings_files=off lab8step2 -c lab8step2
quartus_fit --read_settings_files=off --write_settings_files=off lab8step2 -c lab8step2
quartus_asm --read_settings_files=off --write_settings_files=off lab8step2 -c lab8step2
quartus_sta lab8step2 -c lab8step2



