Flow report for lab9step3a
Fri Apr  5 13:13:05 2024
Quartus Prime Version 22.1std.1 Build 917 02/14/2023 SC Standard Edition


---------------------
; Table of Contents ;
---------------------
  1. Legal Notice
  2. Flow Summary
  3. Flow Settings
  4. Flow Non-Default Global Settings
  5. Flow Elapsed Time
  6. Flow OS Summary
  7. Flow Log
  8. Flow Messages
  9. Flow Suppressed Messages



----------------
; Legal Notice ;
----------------
Copyright (C) 2023  Intel Corporation. All rights reserved.
Your use of Intel Corporation's design tools, logic functions 
and other software and tools, and any partner logic 
functions, and any output files from any of the foregoing 
(including device programming or simulation files), and any 
associated documentation or information are expressly subject 
to the terms and conditions of the Intel Program License 
Subscription Agreement, the Intel Quartus Prime License Agreement,
the Intel FPGA IP License Agreement, or other applicable license
agreement, including, without limitation, that your use is for
the sole purpose of programming logic devices manufactured by
Intel and sold by Intel or its authorized distributors.  Please
refer to the applicable agreement for further details, at
https://fpgasoftware.intel.com/eula.



+-----------------------------------------------------------------------------------------+
; Flow Summary                                                                            ;
+------------------------------------+----------------------------------------------------+
; Flow Status                        ; Successful - Fri Apr  5 13:13:02 2024              ;
; Quartus Prime Version              ; 22.1std.1 Build 917 02/14/2023 SC Standard Edition ;
; Revision Name                      ; lab9step3a                                         ;
; Top-level Entity Name              ; lab9step3a                                         ;
; Family                             ; Cyclone IV E                                       ;
; Total logic elements               ; 3 / 6,272 ( < 1 % )                                ;
;     Total combinational functions  ; 3 / 6,272 ( < 1 % )                                ;
;     Dedicated logic registers      ; 0 / 6,272 ( 0 % )                                  ;
; Total registers                    ; 0                                                  ;
; Total pins                         ; 4 / 92 ( 4 % )                                     ;
; Total virtual pins                 ; 0                                                  ;
; Total memory bits                  ; 0 / 276,480 ( 0 % )                                ;
; Embedded Multiplier 9-bit elements ; 0 / 30 ( 0 % )                                     ;
; Total PLLs                         ; 0 / 2 ( 0 % )                                      ;
; Device                             ; EP4CE6E22C6                                        ;
; Timing Models                      ; Final                                              ;
+------------------------------------+----------------------------------------------------+


+-----------------------------------------+
; Flow Settings                           ;
+-------------------+---------------------+
; Option            ; Setting             ;
+-------------------+---------------------+
; Start date & time ; 04/05/2024 13:12:50 ;
; Main task         ; Compilation         ;
; Revision Name     ; lab9step3a          ;
+-------------------+---------------------+


+-------------------------------------------------------------------------------------------------------------------------+
; Flow Non-Default Global Settings                                                                                        ;
+-------------------------------------+----------------------------------------+---------------+-------------+------------+
; Assignment Name                     ; Value                                  ; Default Value ; Entity Name ; Section Id ;
+-------------------------------------+----------------------------------------+---------------+-------------+------------+
; COMPILER_SIGNATURE_ID               ; 194042951173449.171234077013896        ; --            ; --          ; --         ;
; PARTITION_COLOR                     ; -- (Not supported for targeted family) ; --            ; --          ; Top        ;
; PARTITION_FITTER_PRESERVATION_LEVEL ; -- (Not supported for targeted family) ; --            ; --          ; Top        ;
; PARTITION_NETLIST_TYPE              ; -- (Not supported for targeted family) ; --            ; --          ; Top        ;
; PROJECT_OUTPUT_DIRECTORY            ; output_files                           ; --            ; --          ; --         ;
+-------------------------------------+----------------------------------------+---------------+-------------+------------+


+--------------------------------------------------------------------------------------------------------------------------+
; Flow Elapsed Time                                                                                                        ;
+----------------------+--------------+-------------------------+---------------------+------------------------------------+
; Module Name          ; Elapsed Time ; Average Processors Used ; Peak Virtual Memory ; Total CPU Time (on all processors) ;
+----------------------+--------------+-------------------------+---------------------+------------------------------------+
; Analysis & Synthesis ; 00:00:06     ; 1.0                     ; 4799 MB             ; 00:00:08                           ;
; Fitter               ; 00:00:03     ; 1.0                     ; 5896 MB             ; 00:00:02                           ;
; Assembler            ; 00:00:00     ; 1.0                     ; 4720 MB             ; 00:00:00                           ;
; Timing Analyzer      ; 00:00:02     ; 1.0                     ; 4818 MB             ; 00:00:01                           ;
; Total                ; 00:00:11     ; --                      ; --                  ; 00:00:11                           ;
+----------------------+--------------+-------------------------+---------------------+------------------------------------+


+------------------------------------------------------------------------------------+
; Flow OS Summary                                                                    ;
+----------------------+------------------+------------+------------+----------------+
; Module Name          ; Machine Hostname ; OS Name    ; OS Version ; Processor type ;
+----------------------+------------------+------------+------------+----------------+
; Analysis & Synthesis ; CO2042-17        ; Windows 10 ; 10.0       ; x86_64         ;
; Fitter               ; CO2042-17        ; Windows 10 ; 10.0       ; x86_64         ;
; Assembler            ; CO2042-17        ; Windows 10 ; 10.0       ; x86_64         ;
; Timing Analyzer      ; CO2042-17        ; Windows 10 ; 10.0       ; x86_64         ;
+----------------------+------------------+------------+------------+----------------+


------------
; Flow Log ;
------------
quartus_map --read_settings_files=on --write_settings_files=off lab9step3a -c lab9step3a
quartus_fit --read_settings_files=off --write_settings_files=off lab9step3a -c lab9step3a
quartus_asm --read_settings_files=off --write_settings_files=off lab9step3a -c lab9step3a
quartus_sta lab9step3a -c lab9step3a



